Using pre-set license
Built from '2020.2/staging' branch; Version is '2020.2.7f1 (c53830e277f1) revision 12924976'; Using compiler version '192528614'; Build Type 'Release'
OS: 'Windows 10 Pro; OS build 19044.1387; Version 2009; 64bit' Language: 'it' Physical Memory: 32503 MB
BatchMode: 1, IsHumanControllingUs: 0, StartBugReporterOnCrash: 0, Is64bit: 1, IsPro: 0

 COMMAND LINE ARGUMENTS:
C:\Program Files\Unity\Hub\Editor\2020.2.7f1\Editor\Unity.exe
-adb2
-batchMode
-noUpm
-name
AssetImportWorker0
-projectPath
C:/Users/grego/Documents/Game/MontagsGame/MontagsGame
-logFile
Logs/AssetImportWorker0.log
-srvPort
60888
Successfully changed project path to: C:/Users/grego/Documents/Game/MontagsGame/MontagsGame
C:/Users/grego/Documents/Game/MontagsGame/MontagsGame
Using Asset Import Pipeline V2.
Refreshing native plugins compatible for Editor in 92.27 ms, found 1 plugins.
Preloading 0 native plugins for Editor in 0.00 ms.
Initialize engine version: 2020.2.7f1 (c53830e277f1)
[Subsystems] Discovering subsystems at path C:/Program Files/Unity/Hub/Editor/2020.2.7f1/Editor/Data/Resources/UnitySubsystems
[Subsystems] Discovering subsystems at path C:/Users/grego/Documents/Game/MontagsGame/MontagsGame/Assets
GfxDevice: creating device client; threaded=0
Direct3D:
    Version:  Direct3D 11.0 [level 11.1]
    Renderer: NVIDIA GeForce GTX 1050 Ti with Max-Q Design (ID=0x1c8c)
    Vendor:   
    VRAM:     4021 MB
    Driver:   30.0.14.9676
Shader 'Universal Render Pipeline/Particles/Lit': fallback shader 'Universal Render Pipeline/Particles/SimpleLit' not found
Initialize mono
Mono path[0] = 'C:/Program Files/Unity/Hub/Editor/2020.2.7f1/Editor/Data/Managed'
Mono path[1] = 'C:/Program Files/Unity/Hub/Editor/2020.2.7f1/Editor/Data/MonoBleedingEdge/lib/mono/unityjit'
Mono config path = 'C:/Program Files/Unity/Hub/Editor/2020.2.7f1/Editor/Data/MonoBleedingEdge/etc'
Using monoOptions --debugger-agent=transport=dt_socket,embedding=1,server=y,suspend=n,address=127.0.0.1:56264
Begin MonoManager ReloadAssembly
Registering precompiled unity dll's ...
Register platform support module: C:/Program Files/Unity/Hub/Editor/2020.2.7f1/Editor/Data/PlaybackEngines/WindowsStandaloneSupport/UnityEditor.WindowsStandalone.Extensions.dll
Registered in 0.001992 seconds.
Native extension for WindowsStandalone target not found
Refreshing native plugins compatible for Editor in 81.83 ms, found 1 plugins.
Preloading 0 native plugins for Editor in 0.00 ms.
Invoked RoslynAnalysisRunner static constructor.
RoslynAnalysisRunner will not be running.
RoslynAnalysisRunner has terminated.
Mono: successfully reloaded assembly
- Completed reload, in  1.084 seconds
Platform modules already initialized, skipping
Registering precompiled user dll's ...
Registered in 0.002501 seconds.
Begin MonoManager ReloadAssembly
Native extension for WindowsStandalone target not found
Refreshing native plugins compatible for Editor in 87.32 ms, found 1 plugins.
Preloading 0 native plugins for Editor in 0.00 ms.
Invoked RoslynAnalysisRunner static constructor.
RoslynAnalysisRunner will not be running.
RoslynAnalysisRunner has terminated.
Mono: successfully reloaded assembly
- Completed reload, in  1.601 seconds
Platform modules already initialized, skipping
========================================================================
Worker process is ready to serve import requests
Shader 'Universal Render Pipeline/Particles/Lit': fallback shader 'Universal Render Pipeline/Particles/SimpleLit' not found
Launched and connected shader compiler UnityShaderCompiler.exe after 0.06 seconds
Refreshing native plugins compatible for Editor in 0.83 ms, found 1 plugins.
Preloading 0 native plugins for Editor in 0.00 ms.
Unloading 4192 Unused Serialized files (Serialized files now loaded: 0)
System memory in use before: 198.0 MB.
System memory in use after: 198.2 MB.

Unloading 20 unused Assets to reduce memory usage. Loaded Objects now: 4646.
Total: 3.457600 ms (FindLiveObjects: 0.445300 ms CreateObjectMapping: 0.228300 ms MarkObjects: 2.677000 ms  DeleteObjects: 0.106300 ms)

========================================================================
Received Import Request.
  path: Assets/Push-To-Data/Character.cs
  artifactKey: Guid(f2c1c3896ab6c4a4abf7b82e14d1ff1a) Importer(815301076,1909f56bfc062723c751e8b465ee728b)
Start importing Assets/Push-To-Data/Character.cs using Guid(f2c1c3896ab6c4a4abf7b82e14d1ff1a) Importer(815301076,1909f56bfc062723c751e8b465ee728b)  -> (artifact id: '4123372152401754f0005b6ae2fc951c') in 0.026754 seconds
  Import took 0.034660 seconds .

========================================================================
Received Prepare
Registering precompiled user dll's ...
Registered in 0.002481 seconds.
Begin MonoManager ReloadAssembly
Native extension for WindowsStandalone target not found
Refreshing native plugins compatible for Editor in 0.88 ms, found 1 plugins.
Preloading 0 native plugins for Editor in 0.00 ms.
Invoked RoslynAnalysisRunner static constructor.
RoslynAnalysisRunner will not be running.
RoslynAnalysisRunner has terminated.
Mono: successfully reloaded assembly
- Completed reload, in  1.105 seconds
Platform modules already initialized, skipping
Shader 'Universal Render Pipeline/Particles/Lit': fallback shader 'Universal Render Pipeline/Particles/SimpleLit' not found
Refreshing native plugins compatible for Editor in 0.85 ms, found 1 plugins.
Preloading 0 native plugins for Editor in 0.00 ms.
Unloading 3938 Unused Serialized files (Serialized files now loaded: 0)
System memory in use before: 181.1 MB.
System memory in use after: 181.3 MB.

Unloading 11 unused Assets to reduce memory usage. Loaded Objects now: 4649.
Total: 4.268600 ms (FindLiveObjects: 0.391400 ms CreateObjectMapping: 0.172600 ms MarkObjects: 3.605500 ms  DeleteObjects: 0.097600 ms)

========================================================================
Received Import Request.
  Time since last request: 57.466315 seconds.
  path: Assets/Push-To-Data/Components/Component.cs
  artifactKey: Guid(10d54566b621df74680315c49a0dbf73) Importer(815301076,1909f56bfc062723c751e8b465ee728b)
Start importing Assets/Push-To-Data/Components/Component.cs using Guid(10d54566b621df74680315c49a0dbf73) Importer(815301076,1909f56bfc062723c751e8b465ee728b)  -> (artifact id: 'b534ec271b10b44e29923b0181697f32') in 0.008232 seconds
  Import took 0.014993 seconds .

========================================================================
Received Prepare
Registering precompiled user dll's ...
Registered in 0.002452 seconds.
Begin MonoManager ReloadAssembly
Native extension for WindowsStandalone target not found
Refreshing native plugins compatible for Editor in 0.84 ms, found 1 plugins.
Preloading 0 native plugins for Editor in 0.00 ms.
Invoked RoslynAnalysisRunner static constructor.
RoslynAnalysisRunner will not be running.
RoslynAnalysisRunner has terminated.
Mono: successfully reloaded assembly
- Completed reload, in  1.070 seconds
Platform modules already initialized, skipping
Shader 'Universal Render Pipeline/Particles/Lit': fallback shader 'Universal Render Pipeline/Particles/SimpleLit' not found
Refreshing native plugins compatible for Editor in 0.83 ms, found 1 plugins.
Preloading 0 native plugins for Editor in 0.00 ms.
Unloading 3938 Unused Serialized files (Serialized files now loaded: 0)
System memory in use before: 181.2 MB.
System memory in use after: 181.4 MB.

Unloading 11 unused Assets to reduce memory usage. Loaded Objects now: 4652.
Total: 3.832100 ms (FindLiveObjects: 0.395300 ms CreateObjectMapping: 0.185000 ms MarkObjects: 3.166600 ms  DeleteObjects: 0.084000 ms)

========================================================================
Received Import Request.
  Time since last request: 67.498146 seconds.
  path: Assets/Push-To-Data/Components/Component.cs
  artifactKey: Guid(10d54566b621df74680315c49a0dbf73) Importer(815301076,1909f56bfc062723c751e8b465ee728b)
Start importing Assets/Push-To-Data/Components/Component.cs using Guid(10d54566b621df74680315c49a0dbf73) Importer(815301076,1909f56bfc062723c751e8b465ee728b)  -> (artifact id: 'ecd0872db598898e42f8446586a23409') in 0.007150 seconds
  Import took 0.013802 seconds .

========================================================================
Received Prepare
Registering precompiled user dll's ...
Registered in 0.002441 seconds.
Begin MonoManager ReloadAssembly
Native extension for WindowsStandalone target not found
Refreshing native plugins compatible for Editor in 0.86 ms, found 1 plugins.
Preloading 0 native plugins for Editor in 0.00 ms.
Invoked RoslynAnalysisRunner static constructor.
RoslynAnalysisRunner will not be running.
RoslynAnalysisRunner has terminated.
Mono: successfully reloaded assembly
- Completed reload, in  1.077 seconds
Platform modules already initialized, skipping
Shader 'Universal Render Pipeline/Particles/Lit': fallback shader 'Universal Render Pipeline/Particles/SimpleLit' not found
Refreshing native plugins compatible for Editor in 0.86 ms, found 1 plugins.
Preloading 0 native plugins for Editor in 0.00 ms.
Unloading 3938 Unused Serialized files (Serialized files now loaded: 0)
System memory in use before: 181.3 MB.
System memory in use after: 181.5 MB.

Unloading 11 unused Assets to reduce memory usage. Loaded Objects now: 4655.
Total: 4.316300 ms (FindLiveObjects: 0.386700 ms CreateObjectMapping: 0.240900 ms MarkObjects: 3.589200 ms  DeleteObjects: 0.098400 ms)

========================================================================
Received Import Request.
  Time since last request: 85.622870 seconds.
  path: Assets/Script/LevelScript/LevelController.cs
  artifactKey: Guid(5ec39d8d675f0194fb63c3cfe8635f2f) Importer(815301076,1909f56bfc062723c751e8b465ee728b)
Start importing Assets/Script/LevelScript/LevelController.cs using Guid(5ec39d8d675f0194fb63c3cfe8635f2f) Importer(815301076,1909f56bfc062723c751e8b465ee728b)  -> (artifact id: '15837e5d44c7ad0399214abab89c9a2f') in 0.005498 seconds
  Import took 0.012046 seconds .

========================================================================
Received Import Request.
  Time since last request: 29.094091 seconds.
  path: Assets/Script/LevelScript/LevelController.cs
  artifactKey: Guid(5ec39d8d675f0194fb63c3cfe8635f2f) Importer(815301076,1909f56bfc062723c751e8b465ee728b)
Start importing Assets/Script/LevelScript/LevelController.cs using Guid(5ec39d8d675f0194fb63c3cfe8635f2f) Importer(815301076,1909f56bfc062723c751e8b465ee728b)  -> (artifact id: '72cd599a7e334dde6b05661153031074') in 0.001644 seconds
  Import took 0.007531 seconds .

========================================================================
Received Prepare
Registering precompiled user dll's ...
Registered in 0.002382 seconds.
Begin MonoManager ReloadAssembly
Native extension for WindowsStandalone target not found
Refreshing native plugins compatible for Editor in 0.83 ms, found 1 plugins.
Preloading 0 native plugins for Editor in 0.00 ms.
Invoked RoslynAnalysisRunner static constructor.
RoslynAnalysisRunner will not be running.
RoslynAnalysisRunner has terminated.
Mono: successfully reloaded assembly
- Completed reload, in  1.094 seconds
Platform modules already initialized, skipping
Shader 'Universal Render Pipeline/Particles/Lit': fallback shader 'Universal Render Pipeline/Particles/SimpleLit' not found
Refreshing native plugins compatible for Editor in 0.86 ms, found 1 plugins.
Preloading 0 native plugins for Editor in 0.00 ms.
Unloading 3938 Unused Serialized files (Serialized files now loaded: 0)
System memory in use before: 181.3 MB.
System memory in use after: 181.5 MB.

Unloading 11 unused Assets to reduce memory usage. Loaded Objects now: 4658.
Total: 4.252000 ms (FindLiveObjects: 0.674700 ms CreateObjectMapping: 0.340800 ms MarkObjects: 3.140000 ms  DeleteObjects: 0.095200 ms)

========================================================================
Received Import Request.
  Time since last request: 21.673678 seconds.
  path: Assets/Script/LevelScript/LevelController.cs
  artifactKey: Guid(5ec39d8d675f0194fb63c3cfe8635f2f) Importer(815301076,1909f56bfc062723c751e8b465ee728b)
Start importing Assets/Script/LevelScript/LevelController.cs using Guid(5ec39d8d675f0194fb63c3cfe8635f2f) Importer(815301076,1909f56bfc062723c751e8b465ee728b)  -> (artifact id: 'f817494de5ae460b23ae12783267b0eb') in 0.007156 seconds
  Import took 0.014080 seconds .

========================================================================
Received Import Request.
  Time since last request: 0.978097 seconds.
  path: Assets/Script/LevelScript/LevelController.cs
  artifactKey: Guid(5ec39d8d675f0194fb63c3cfe8635f2f) Importer(815301076,1909f56bfc062723c751e8b465ee728b)
Start importing Assets/Script/LevelScript/LevelController.cs using Guid(5ec39d8d675f0194fb63c3cfe8635f2f) Importer(815301076,1909f56bfc062723c751e8b465ee728b)  -> (artifact id: 'f817494de5ae460b23ae12783267b0eb') in 0.002022 seconds
  Import took 0.008280 seconds .

========================================================================
Received Prepare
Registering precompiled user dll's ...
Registered in 0.002401 seconds.
Begin MonoManager ReloadAssembly
Native extension for WindowsStandalone target not found
Refreshing native plugins compatible for Editor in 0.83 ms, found 1 plugins.
Preloading 0 native plugins for Editor in 0.00 ms.
Invoked RoslynAnalysisRunner static constructor.
RoslynAnalysisRunner will not be running.
RoslynAnalysisRunner has terminated.
Mono: successfully reloaded assembly
- Completed reload, in  1.079 seconds
Platform modules already initialized, skipping
Shader 'Universal Render Pipeline/Particles/Lit': fallback shader 'Universal Render Pipeline/Particles/SimpleLit' not found
Refreshing native plugins compatible for Editor in 0.83 ms, found 1 plugins.
Preloading 0 native plugins for Editor in 0.00 ms.
Unloading 3938 Unused Serialized files (Serialized files now loaded: 0)
System memory in use before: 181.3 MB.
System memory in use after: 181.5 MB.

Unloading 11 unused Assets to reduce memory usage. Loaded Objects now: 4661.
Total: 3.999800 ms (FindLiveObjects: 0.437700 ms CreateObjectMapping: 0.292600 ms MarkObjects: 3.170700 ms  DeleteObjects: 0.097500 ms)

========================================================================
Received Prepare
Registering precompiled user dll's ...
Registered in 0.002393 seconds.
Begin MonoManager ReloadAssembly
Native extension for WindowsStandalone target not found
Refreshing native plugins compatible for Editor in 0.85 ms, found 1 plugins.
Preloading 0 native plugins for Editor in 0.00 ms.
Invoked RoslynAnalysisRunner static constructor.
RoslynAnalysisRunner will not be running.
RoslynAnalysisRunner has terminated.
Mono: successfully reloaded assembly
- Completed reload, in  1.097 seconds
Platform modules already initialized, skipping
Shader 'Universal Render Pipeline/Particles/Lit': fallback shader 'Universal Render Pipeline/Particles/SimpleLit' not found
Refreshing native plugins compatible for Editor in 0.84 ms, found 1 plugins.
Preloading 0 native plugins for Editor in 0.00 ms.
Unloading 3938 Unused Serialized files (Serialized files now loaded: 0)
System memory in use before: 181.3 MB.
System memory in use after: 181.5 MB.

Unloading 11 unused Assets to reduce memory usage. Loaded Objects now: 4664.
Total: 4.004400 ms (FindLiveObjects: 0.382300 ms CreateObjectMapping: 0.223600 ms MarkObjects: 3.308400 ms  DeleteObjects: 0.088800 ms)

========================================================================
Received Prepare
Registering precompiled user dll's ...
Registered in 0.002381 seconds.
Begin MonoManager ReloadAssembly
Native extension for WindowsStandalone target not found
Refreshing native plugins compatible for Editor in 0.85 ms, found 1 plugins.
Preloading 0 native plugins for Editor in 0.00 ms.
Invoked RoslynAnalysisRunner static constructor.
RoslynAnalysisRunner will not be running.
RoslynAnalysisRunner has terminated.
Mono: successfully reloaded assembly
- Completed reload, in  1.102 seconds
Platform modules already initialized, skipping
Shader 'Universal Render Pipeline/Particles/Lit': fallback shader 'Universal Render Pipeline/Particles/SimpleLit' not found
Refreshing native plugins compatible for Editor in 0.85 ms, found 1 plugins.
Preloading 0 native plugins for Editor in 0.00 ms.
Unloading 3938 Unused Serialized files (Serialized files now loaded: 0)
System memory in use before: 181.3 MB.
System memory in use after: 181.5 MB.

Unloading 11 unused Assets to reduce memory usage. Loaded Objects now: 4667.
Total: 3.941700 ms (FindLiveObjects: 0.438800 ms CreateObjectMapping: 0.312000 ms MarkObjects: 3.095700 ms  DeleteObjects: 0.093500 ms)

========================================================================
Received Import Request.
  Time since last request: 423.997984 seconds.
  path: Assets/Push-To-Data/Modifiers/Modifiers.txt
  artifactKey: Guid(5b3cf0d1bf7f97a44a637e584a4e5dc5) Importer(815301076,1909f56bfc062723c751e8b465ee728b)
Start importing Assets/Push-To-Data/Modifiers/Modifiers.txt using Guid(5b3cf0d1bf7f97a44a637e584a4e5dc5) Importer(815301076,1909f56bfc062723c751e8b465ee728b)  -> (artifact id: '3094457a0675049cf85afb36858a9e1f') in 0.022136 seconds
  Import took 0.029760 seconds .

========================================================================
Received Prepare
Registering precompiled user dll's ...
Registered in 0.003528 seconds.
Begin MonoManager ReloadAssembly
Native extension for WindowsStandalone target not found
Refreshing native plugins compatible for Editor in 1.07 ms, found 1 plugins.
Preloading 0 native plugins for Editor in 0.00 ms.
Invoked RoslynAnalysisRunner static constructor.
RoslynAnalysisRunner will not be running.
RoslynAnalysisRunner has terminated.
Mono: successfully reloaded assembly
- Completed reload, in  1.271 seconds
Platform modules already initialized, skipping
Shader 'Universal Render Pipeline/Particles/Lit': fallback shader 'Universal Render Pipeline/Particles/SimpleLit' not found
Refreshing native plugins compatible for Editor in 1.12 ms, found 1 plugins.
Preloading 0 native plugins for Editor in 0.00 ms.
Unloading 3938 Unused Serialized files (Serialized files now loaded: 0)
System memory in use before: 181.3 MB.
System memory in use after: 181.6 MB.

Unloading 11 unused Assets to reduce memory usage. Loaded Objects now: 4670.
Total: 4.838200 ms (FindLiveObjects: 0.468100 ms CreateObjectMapping: 0.337400 ms MarkObjects: 3.894000 ms  DeleteObjects: 0.137500 ms)

========================================================================
Received Import Request.
  Time since last request: 27.017942 seconds.
  path: Assets/Push-To-Data/Modifiers/Modifiers.txt
  artifactKey: Guid(5b3cf0d1bf7f97a44a637e584a4e5dc5) Importer(815301076,1909f56bfc062723c751e8b465ee728b)
Start importing Assets/Push-To-Data/Modifiers/Modifiers.txt using Guid(5b3cf0d1bf7f97a44a637e584a4e5dc5) Importer(815301076,1909f56bfc062723c751e8b465ee728b)  -> (artifact id: '99ef80bf2c3de0efb4b3be2c708baad0') in 0.015088 seconds
  Import took 0.021361 seconds .

========================================================================
Received Prepare
Registering precompiled user dll's ...
Registered in 0.002463 seconds.
Begin MonoManager ReloadAssembly
Native extension for WindowsStandalone target not found
Refreshing native plugins compatible for Editor in 1.22 ms, found 1 plugins.
Preloading 0 native plugins for Editor in 0.00 ms.
Invoked RoslynAnalysisRunner static constructor.
RoslynAnalysisRunner will not be running.
RoslynAnalysisRunner has terminated.
Mono: successfully reloaded assembly
- Completed reload, in  1.314 seconds
Platform modules already initialized, skipping
Shader 'Universal Render Pipeline/Particles/Lit': fallback shader 'Universal Render Pipeline/Particles/SimpleLit' not found
Refreshing native plugins compatible for Editor in 1.28 ms, found 1 plugins.
Preloading 0 native plugins for Editor in 0.00 ms.
Unloading 3938 Unused Serialized files (Serialized files now loaded: 0)
System memory in use before: 181.4 MB.
System memory in use after: 181.6 MB.

Unloading 11 unused Assets to reduce memory usage. Loaded Objects now: 4673.
Total: 5.617500 ms (FindLiveObjects: 0.444700 ms CreateObjectMapping: 0.343400 ms MarkObjects: 4.705600 ms  DeleteObjects: 0.121500 ms)

========================================================================
Received Prepare
Registering precompiled user dll's ...
Registered in 0.002410 seconds.
Begin MonoManager ReloadAssembly
Native extension for WindowsStandalone target not found
Refreshing native plugins compatible for Editor in 0.82 ms, found 1 plugins.
Preloading 0 native plugins for Editor in 0.00 ms.
Invoked RoslynAnalysisRunner static constructor.
RoslynAnalysisRunner will not be running.
RoslynAnalysisRunner has terminated.
Mono: successfully reloaded assembly
- Completed reload, in  1.063 seconds
Platform modules already initialized, skipping
Shader 'Universal Render Pipeline/Particles/Lit': fallback shader 'Universal Render Pipeline/Particles/SimpleLit' not found
Refreshing native plugins compatible for Editor in 0.84 ms, found 1 plugins.
Preloading 0 native plugins for Editor in 0.00 ms.
Unloading 3938 Unused Serialized files (Serialized files now loaded: 0)
System memory in use before: 181.4 MB.
System memory in use after: 181.6 MB.

Unloading 11 unused Assets to reduce memory usage. Loaded Objects now: 4676.
Total: 8.308800 ms (FindLiveObjects: 1.152700 ms CreateObjectMapping: 0.718500 ms MarkObjects: 6.287100 ms  DeleteObjects: 0.148000 ms)

========================================================================
Received Import Request.
  Time since last request: 348.752988 seconds.
  path: Assets/Script/WeaponScripts/WeaponController.cs
  artifactKey: Guid(a8bbb373fbf1cc844b489a42f65d1ec9) Importer(815301076,1909f56bfc062723c751e8b465ee728b)
Start importing Assets/Script/WeaponScripts/WeaponController.cs using Guid(a8bbb373fbf1cc844b489a42f65d1ec9) Importer(815301076,1909f56bfc062723c751e8b465ee728b)  -> (artifact id: 'e9584637b87cf285e882cd2fb1adc923') in 0.006969 seconds
  Import took 0.014365 seconds .

========================================================================
Received Import Request.
  Time since last request: 0.021945 seconds.
  path: Assets/Script/WeaponScripts/WeaponController.cs
  artifactKey: Guid(a8bbb373fbf1cc844b489a42f65d1ec9) Importer(815301076,1909f56bfc062723c751e8b465ee728b)
Start importing Assets/Script/WeaponScripts/WeaponController.cs using Guid(a8bbb373fbf1cc844b489a42f65d1ec9) Importer(815301076,1909f56bfc062723c751e8b465ee728b)  -> (artifact id: 'e9584637b87cf285e882cd2fb1adc923') in 0.001848 seconds
  Import took 0.008490 seconds .

========================================================================
Received Import Request.
  Time since last request: 0.698462 seconds.
  path: Assets/Script/WeaponScripts/WeaponPlayerController.cs
  artifactKey: Guid(5a59ea05694659f4c91f730308858ec3) Importer(815301076,1909f56bfc062723c751e8b465ee728b)
Start importing Assets/Script/WeaponScripts/WeaponPlayerController.cs using Guid(5a59ea05694659f4c91f730308858ec3) Importer(815301076,1909f56bfc062723c751e8b465ee728b)  -> (artifact id: 'fbddb588bb1b5f21fd16662d93b9aa00') in 0.002021 seconds
  Import took 0.007813 seconds .

========================================================================
Received Import Request.
  Time since last request: 12.443622 seconds.
  path: Assets/Script/WeaponScripts/WeaponController.cs
  artifactKey: Guid(a8bbb373fbf1cc844b489a42f65d1ec9) Importer(815301076,1909f56bfc062723c751e8b465ee728b)
Start importing Assets/Script/WeaponScripts/WeaponController.cs using Guid(a8bbb373fbf1cc844b489a42f65d1ec9) Importer(815301076,1909f56bfc062723c751e8b465ee728b)  -> (artifact id: 'd6b875b841c7224b245629d107f67718') in 0.001985 seconds
  Import took 0.008242 seconds .

========================================================================
Received Prepare
Registering precompiled user dll's ...
Registered in 0.002409 seconds.
Begin MonoManager ReloadAssembly
Native extension for WindowsStandalone target not found
Refreshing native plugins compatible for Editor in 0.86 ms, found 1 plugins.
Preloading 0 native plugins for Editor in 0.00 ms.
Invoked RoslynAnalysisRunner static constructor.
RoslynAnalysisRunner will not be running.
RoslynAnalysisRunner has terminated.
Mono: successfully reloaded assembly
- Completed reload, in  1.081 seconds
Platform modules already initialized, skipping
Shader 'Universal Render Pipeline/Particles/Lit': fallback shader 'Universal Render Pipeline/Particles/SimpleLit' not found
Refreshing native plugins compatible for Editor in 0.84 ms, found 1 plugins.
Preloading 0 native plugins for Editor in 0.00 ms.
Unloading 3938 Unused Serialized files (Serialized files now loaded: 0)
System memory in use before: 181.4 MB.
System memory in use after: 181.6 MB.

Unloading 11 unused Assets to reduce memory usage. Loaded Objects now: 4679.
Total: 4.360300 ms (FindLiveObjects: 0.496200 ms CreateObjectMapping: 0.344100 ms MarkObjects: 3.416000 ms  DeleteObjects: 0.102200 ms)

========================================================================
Received Prepare
Registering precompiled user dll's ...
Registered in 0.002729 seconds.
Begin MonoManager ReloadAssembly
Native extension for WindowsStandalone target not found
Refreshing native plugins compatible for Editor in 0.87 ms, found 1 plugins.
Preloading 0 native plugins for Editor in 0.00 ms.
Invoked RoslynAnalysisRunner static constructor.
RoslynAnalysisRunner will not be running.
RoslynAnalysisRunner has terminated.
Mono: successfully reloaded assembly
- Completed reload, in  1.309 seconds
Platform modules already initialized, skipping
Shader 'Universal Render Pipeline/Particles/Lit': fallback shader 'Universal Render Pipeline/Particles/SimpleLit' not found
Refreshing native plugins compatible for Editor in 1.67 ms, found 1 plugins.
Preloading 0 native plugins for Editor in 0.00 ms.
Unloading 3938 Unused Serialized files (Serialized files now loaded: 0)
System memory in use before: 181.4 MB.
System memory in use after: 181.6 MB.

Unloading 11 unused Assets to reduce memory usage. Loaded Objects now: 4682.
Total: 4.897200 ms (FindLiveObjects: 0.552200 ms CreateObjectMapping: 0.361100 ms MarkObjects: 3.894600 ms  DeleteObjects: 0.087400 ms)

========================================================================
Received Prepare
Registering precompiled user dll's ...
Registered in 0.003072 seconds.
Begin MonoManager ReloadAssembly
Native extension for WindowsStandalone target not found
Refreshing native plugins compatible for Editor in 0.87 ms, found 1 plugins.
Preloading 0 native plugins for Editor in 0.00 ms.
Invoked RoslynAnalysisRunner static constructor.
RoslynAnalysisRunner will not be running.
RoslynAnalysisRunner has terminated.
Mono: successfully reloaded assembly
- Completed reload, in  1.067 seconds
Platform modules already initialized, skipping
Shader 'Universal Render Pipeline/Particles/Lit': fallback shader 'Universal Render Pipeline/Particles/SimpleLit' not found
Refreshing native plugins compatible for Editor in 0.84 ms, found 1 plugins.
Preloading 0 native plugins for Editor in 0.00 ms.
Unloading 3938 Unused Serialized files (Serialized files now loaded: 0)
System memory in use before: 181.4 MB.
System memory in use after: 181.6 MB.

Unloading 11 unused Assets to reduce memory usage. Loaded Objects now: 4685.
Total: 3.954500 ms (FindLiveObjects: 0.402500 ms CreateObjectMapping: 0.271600 ms MarkObjects: 3.185900 ms  DeleteObjects: 0.093100 ms)

AssetImportWorkerClient::OnTransportError - code=2 error=End of file
