Using pre-set license
Built from '2020.2/staging' branch; Version is '2020.2.7f1 (c53830e277f1) revision 12924976'; Using compiler version '192528614'; Build Type 'Release'
OS: 'Windows 10 Pro; OS build 19042.1288; Version 2009; 64bit' Language: 'it' Physical Memory: 16118 MB
BatchMode: 1, IsHumanControllingUs: 0, StartBugReporterOnCrash: 0, Is64bit: 1, IsPro: 0

 COMMAND LINE ARGUMENTS:
C:\Program Files\Unity\Hub\Editor\2020.2.7f1\Editor\Unity.exe
-adb2
-batchMode
-noUpm
-name
AssetImportWorker1
-projectPath
C:/Users/pcarl/Desktop/Caturano/MontagsGame/MontagsGame
-logFile
Logs/AssetImportWorker1.log
-srvPort
1300
Successfully changed project path to: C:/Users/pcarl/Desktop/Caturano/MontagsGame/MontagsGame
C:/Users/pcarl/Desktop/Caturano/MontagsGame/MontagsGame
Using Asset Import Pipeline V2.
Refreshing native plugins compatible for Editor in 91.15 ms, found 1 plugins.
Preloading 0 native plugins for Editor in 0.00 ms.
Initialize engine version: 2020.2.7f1 (c53830e277f1)
[Subsystems] Discovering subsystems at path C:/Program Files/Unity/Hub/Editor/2020.2.7f1/Editor/Data/Resources/UnitySubsystems
[Subsystems] Discovering subsystems at path C:/Users/pcarl/Desktop/Caturano/MontagsGame/MontagsGame/Assets
GfxDevice: creating device client; threaded=0
Direct3D:
    Version:  Direct3D 11.0 [level 11.1]
    Renderer: NVIDIA GeForce GTX 1050 Ti with Max-Q Design (ID=0x1c8c)
    Vendor:   
    VRAM:     4021 MB
    Driver:   27.21.14.6589
Shader 'Universal Render Pipeline/Particles/Lit': fallback shader 'Universal Render Pipeline/Particles/SimpleLit' not found
Initialize mono
Mono path[0] = 'C:/Program Files/Unity/Hub/Editor/2020.2.7f1/Editor/Data/Managed'
Mono path[1] = 'C:/Program Files/Unity/Hub/Editor/2020.2.7f1/Editor/Data/MonoBleedingEdge/lib/mono/unityjit'
Mono config path = 'C:/Program Files/Unity/Hub/Editor/2020.2.7f1/Editor/Data/MonoBleedingEdge/etc'
Using monoOptions --debugger-agent=transport=dt_socket,embedding=1,server=y,suspend=n,address=127.0.0.1:56820
Begin MonoManager ReloadAssembly
Registering precompiled unity dll's ...
Register platform support module: C:/Program Files/Unity/Hub/Editor/2020.2.7f1/Editor/Data/PlaybackEngines/WindowsStandaloneSupport/UnityEditor.WindowsStandalone.Extensions.dll
Registered in 0.002077 seconds.
Native extension for WindowsStandalone target not found
Refreshing native plugins compatible for Editor in 83.15 ms, found 1 plugins.
Preloading 0 native plugins for Editor in 0.00 ms.
Invoked RoslynAnalysisRunner static constructor.
RoslynAnalysisRunner will not be running.
RoslynAnalysisRunner has terminated.
Mono: successfully reloaded assembly
- Completed reload, in  1.115 seconds
Platform modules already initialized, skipping
Registering precompiled user dll's ...
Registered in 0.002542 seconds.
Begin MonoManager ReloadAssembly
Native extension for WindowsStandalone target not found
Refreshing native plugins compatible for Editor in 83.46 ms, found 1 plugins.
Preloading 0 native plugins for Editor in 0.00 ms.
Invoked RoslynAnalysisRunner static constructor.
RoslynAnalysisRunner will not be running.
RoslynAnalysisRunner has terminated.
Mono: successfully reloaded assembly
- Completed reload, in  7.296 seconds
Platform modules already initialized, skipping
========================================================================
Worker process is ready to serve import requests
Shader 'Universal Render Pipeline/Particles/Lit': fallback shader 'Universal Render Pipeline/Particles/SimpleLit' not found
Launched and connected shader compiler UnityShaderCompiler.exe after 0.04 seconds
Refreshing native plugins compatible for Editor in 2.28 ms, found 1 plugins.
Preloading 0 native plugins for Editor in 0.00 ms.
Unloading 3982 Unused Serialized files (Serialized files now loaded: 0)
System memory in use before: 184.8 MB.
System memory in use after: 185.0 MB.

Unloading 20 unused Assets to reduce memory usage. Loaded Objects now: 4437.
Total: 5.850400 ms (FindLiveObjects: 0.662200 ms CreateObjectMapping: 0.354200 ms MarkObjects: 4.655800 ms  DeleteObjects: 0.176700 ms)

========================================================================
Received Import Request.
  path: Assets/Scenes/Level1/PauseMenuGlobalVolume Profile.asset
  artifactKey: Guid(1bdd14a3e55c156469b45ef8e08a3a6f) Importer(815301076,1909f56bfc062723c751e8b465ee728b)
Start importing Assets/Scenes/Level1/PauseMenuGlobalVolume Profile.asset using Guid(1bdd14a3e55c156469b45ef8e08a3a6f) Importer(815301076,1909f56bfc062723c751e8b465ee728b)  -> (artifact id: '4e284e9241f17e30184843536ef72c32') in 0.082674 seconds
  Import took 0.094030 seconds .

========================================================================
Received Import Request.
  Time since last request: 129.920344 seconds.
  path: Assets/Scenes/Menu
  artifactKey: Guid(9acaefc78b5a322489dff9f897d09c10) Importer(815301076,1909f56bfc062723c751e8b465ee728b)
Start importing Assets/Scenes/Menu using Guid(9acaefc78b5a322489dff9f897d09c10) Importer(815301076,1909f56bfc062723c751e8b465ee728b)  -> (artifact id: 'd2e27d08ccb0e30cd15e78a249be9bb0') in 0.007618 seconds
  Import took 0.015211 seconds .

========================================================================
Received Import Request.
  Time since last request: 1.285356 seconds.
  path: Assets/Script/CameraMovement.cs
  artifactKey: Guid(c365bb76128644d40ba04fd5abc85325) Importer(815301076,1909f56bfc062723c751e8b465ee728b)
Start importing Assets/Script/CameraMovement.cs using Guid(c365bb76128644d40ba04fd5abc85325) Importer(815301076,1909f56bfc062723c751e8b465ee728b)  -> (artifact id: 'b9c749ded0ad980e5284401f67d0ba70') in 0.022143 seconds
  Import took 0.030504 seconds .

========================================================================
Received Import Request.
  Time since last request: 0.001759 seconds.
  path: Assets/Script/CameraMovement.cs
  artifactKey: Guid(c365bb76128644d40ba04fd5abc85325) Importer(815301076,1909f56bfc062723c751e8b465ee728b)
Start importing Assets/Script/CameraMovement.cs using Guid(c365bb76128644d40ba04fd5abc85325) Importer(815301076,1909f56bfc062723c751e8b465ee728b)  -> (artifact id: 'b9c749ded0ad980e5284401f67d0ba70') in 0.004087 seconds
  Import took 0.012556 seconds .

========================================================================
Received Import Request.
  Time since last request: 5.905215 seconds.
  path: Assets/Prefabs/LevelPrefab/LevelController.prefab
  artifactKey: Guid(ae19e22aabdf0ac43a8da48ce3610c0f) Importer(815301076,1909f56bfc062723c751e8b465ee728b)
Start importing Assets/Prefabs/LevelPrefab/LevelController.prefab using Guid(ae19e22aabdf0ac43a8da48ce3610c0f) Importer(815301076,1909f56bfc062723c751e8b465ee728b)  -> (artifact id: 'a1736141e65429fdbeb1464b4e5e9f08') in 0.095886 seconds
  Import took 0.103046 seconds .

========================================================================
Received Import Request.
  Time since last request: 2.600588 seconds.
  path: Assets/Script/LevelScript/LevelController.cs
  artifactKey: Guid(5ec39d8d675f0194fb63c3cfe8635f2f) Importer(815301076,1909f56bfc062723c751e8b465ee728b)
Start importing Assets/Script/LevelScript/LevelController.cs using Guid(5ec39d8d675f0194fb63c3cfe8635f2f) Importer(815301076,1909f56bfc062723c751e8b465ee728b)  -> (artifact id: 'bbb8a33f6e1508f2ed63ebe5609af924') in 0.002564 seconds
  Import took 0.010255 seconds .

========================================================================
Received Prepare
Registering precompiled user dll's ...
Registered in 0.004245 seconds.
Begin MonoManager ReloadAssembly
Native extension for WindowsStandalone target not found
Refreshing native plugins compatible for Editor in 1.53 ms, found 1 plugins.
Preloading 0 native plugins for Editor in 0.00 ms.
Invoked RoslynAnalysisRunner static constructor.
RoslynAnalysisRunner will not be running.
RoslynAnalysisRunner has terminated.
Mono: successfully reloaded assembly
- Completed reload, in  1.546 seconds
Platform modules already initialized, skipping
Shader 'Universal Render Pipeline/Particles/Lit': fallback shader 'Universal Render Pipeline/Particles/SimpleLit' not found
Refreshing native plugins compatible for Editor in 1.78 ms, found 1 plugins.
Preloading 0 native plugins for Editor in 0.00 ms.
Unloading 3798 Unused Serialized files (Serialized files now loaded: 0)
System memory in use before: 173.3 MB.
System memory in use after: 173.5 MB.

Unloading 11 unused Assets to reduce memory usage. Loaded Objects now: 4440.
Total: 6.067300 ms (FindLiveObjects: 0.634100 ms CreateObjectMapping: 0.416800 ms MarkObjects: 4.894300 ms  DeleteObjects: 0.119600 ms)

========================================================================
Received Import Request.
  Time since last request: 100.926345 seconds.
  path: Assets/Script/LevelScript/LevelController.cs
  artifactKey: Guid(5ec39d8d675f0194fb63c3cfe8635f2f) Importer(815301076,1909f56bfc062723c751e8b465ee728b)
Start importing Assets/Script/LevelScript/LevelController.cs using Guid(5ec39d8d675f0194fb63c3cfe8635f2f) Importer(815301076,1909f56bfc062723c751e8b465ee728b)  -> (artifact id: '053b643c304352c1c8e992c0fa4091e9') in 0.012781 seconds
  Import took 0.022640 seconds .

========================================================================
Received Prepare
Registering precompiled user dll's ...
Registered in 0.003076 seconds.
Begin MonoManager ReloadAssembly
Native extension for WindowsStandalone target not found
Refreshing native plugins compatible for Editor in 0.98 ms, found 1 plugins.
Preloading 0 native plugins for Editor in 0.00 ms.
Invoked RoslynAnalysisRunner static constructor.
RoslynAnalysisRunner will not be running.
RoslynAnalysisRunner has terminated.
Mono: successfully reloaded assembly
- Completed reload, in  1.486 seconds
Platform modules already initialized, skipping
Shader 'Universal Render Pipeline/Particles/Lit': fallback shader 'Universal Render Pipeline/Particles/SimpleLit' not found
Refreshing native plugins compatible for Editor in 1.15 ms, found 1 plugins.
Preloading 0 native plugins for Editor in 0.00 ms.
Unloading 3798 Unused Serialized files (Serialized files now loaded: 0)
System memory in use before: 173.4 MB.
System memory in use after: 173.6 MB.

Unloading 11 unused Assets to reduce memory usage. Loaded Objects now: 4443.
Total: 8.327400 ms (FindLiveObjects: 0.840100 ms CreateObjectMapping: 0.361700 ms MarkObjects: 6.987400 ms  DeleteObjects: 0.135600 ms)

========================================================================
Received Prepare
Registering precompiled user dll's ...
Registered in 0.004165 seconds.
Begin MonoManager ReloadAssembly
Native extension for WindowsStandalone target not found
Refreshing native plugins compatible for Editor in 1.26 ms, found 1 plugins.
Preloading 0 native plugins for Editor in 0.00 ms.
Invoked RoslynAnalysisRunner static constructor.
RoslynAnalysisRunner will not be running.
RoslynAnalysisRunner has terminated.
Mono: successfully reloaded assembly
- Completed reload, in  2.002 seconds
Platform modules already initialized, skipping
Shader 'Universal Render Pipeline/Particles/Lit': fallback shader 'Universal Render Pipeline/Particles/SimpleLit' not found
Refreshing native plugins compatible for Editor in 1.65 ms, found 1 plugins.
Preloading 0 native plugins for Editor in 0.00 ms.
Unloading 3798 Unused Serialized files (Serialized files now loaded: 0)
System memory in use before: 173.5 MB.
System memory in use after: 173.7 MB.

Unloading 11 unused Assets to reduce memory usage. Loaded Objects now: 4446.
Total: 5.956500 ms (FindLiveObjects: 0.648400 ms CreateObjectMapping: 0.404600 ms MarkObjects: 4.811800 ms  DeleteObjects: 0.090000 ms)

========================================================================
Received Import Request.
  Time since last request: 389.883738 seconds.
  path: Assets/Script/LevelScript/LevelStateMachine/LevelStateManager.cs
  artifactKey: Guid(36904854a964c314584599c66d942533) Importer(815301076,1909f56bfc062723c751e8b465ee728b)
Start importing Assets/Script/LevelScript/LevelStateMachine/LevelStateManager.cs using Guid(36904854a964c314584599c66d942533) Importer(815301076,1909f56bfc062723c751e8b465ee728b)  -> (artifact id: 'f26535cb1132894d778c26eb740ca25c') in 0.014911 seconds
  Import took 0.022658 seconds .

========================================================================
Received Import Request.
  Time since last request: 0.023006 seconds.
  path: Assets/Script/LevelScript/LevelStateMachine/LevelStateManager.cs
  artifactKey: Guid(36904854a964c314584599c66d942533) Importer(815301076,1909f56bfc062723c751e8b465ee728b)
Start importing Assets/Script/LevelScript/LevelStateMachine/LevelStateManager.cs using Guid(36904854a964c314584599c66d942533) Importer(815301076,1909f56bfc062723c751e8b465ee728b)  -> (artifact id: 'f26535cb1132894d778c26eb740ca25c') in 0.003670 seconds
  Import took 0.014536 seconds .

========================================================================
Received Prepare
Registering precompiled user dll's ...
Registered in 0.002579 seconds.
Begin MonoManager ReloadAssembly
Native extension for WindowsStandalone target not found
Refreshing native plugins compatible for Editor in 0.88 ms, found 1 plugins.
Preloading 0 native plugins for Editor in 0.00 ms.
Invoked RoslynAnalysisRunner static constructor.
RoslynAnalysisRunner will not be running.
RoslynAnalysisRunner has terminated.
Mono: successfully reloaded assembly
- Completed reload, in  1.368 seconds
Platform modules already initialized, skipping
Shader 'Universal Render Pipeline/Particles/Lit': fallback shader 'Universal Render Pipeline/Particles/SimpleLit' not found
Refreshing native plugins compatible for Editor in 0.88 ms, found 1 plugins.
Preloading 0 native plugins for Editor in 0.00 ms.
Unloading 3798 Unused Serialized files (Serialized files now loaded: 0)
System memory in use before: 173.5 MB.
System memory in use after: 173.7 MB.

Unloading 11 unused Assets to reduce memory usage. Loaded Objects now: 4449.
Total: 3.550500 ms (FindLiveObjects: 0.468000 ms CreateObjectMapping: 0.244700 ms MarkObjects: 2.754900 ms  DeleteObjects: 0.081600 ms)

========================================================================
Received Import Request.
  Time since last request: 48.847228 seconds.
  path: Assets/Script/LevelScript/LevelStateMachine/LevelPauseState.cs
  artifactKey: Guid(d756dc1b1cfa43a4aac2b7195a6c18dd) Importer(815301076,1909f56bfc062723c751e8b465ee728b)
Start importing Assets/Script/LevelScript/LevelStateMachine/LevelPauseState.cs using Guid(d756dc1b1cfa43a4aac2b7195a6c18dd) Importer(815301076,1909f56bfc062723c751e8b465ee728b)  -> (artifact id: '57aff6b3343b1125a903053f174a8dd3') in 0.012839 seconds
  Import took 0.020176 seconds .

========================================================================
Received Import Request.
  Time since last request: 0.000564 seconds.
  path: Assets/Script/LevelScript/LevelStateMachine/LevelPauseState.cs
  artifactKey: Guid(d756dc1b1cfa43a4aac2b7195a6c18dd) Importer(815301076,1909f56bfc062723c751e8b465ee728b)
Start importing Assets/Script/LevelScript/LevelStateMachine/LevelPauseState.cs using Guid(d756dc1b1cfa43a4aac2b7195a6c18dd) Importer(815301076,1909f56bfc062723c751e8b465ee728b)  -> (artifact id: '57aff6b3343b1125a903053f174a8dd3') in 0.003758 seconds
  Import took 0.012046 seconds .

========================================================================
Received Prepare
Registering precompiled user dll's ...
Registered in 0.004170 seconds.
Begin MonoManager ReloadAssembly
Native extension for WindowsStandalone target not found
Refreshing native plugins compatible for Editor in 0.80 ms, found 1 plugins.
Preloading 0 native plugins for Editor in 0.00 ms.
Invoked RoslynAnalysisRunner static constructor.
RoslynAnalysisRunner will not be running.
RoslynAnalysisRunner has terminated.
Mono: successfully reloaded assembly
- Completed reload, in  1.305 seconds
Platform modules already initialized, skipping
Shader 'Universal Render Pipeline/Particles/Lit': fallback shader 'Universal Render Pipeline/Particles/SimpleLit' not found
Refreshing native plugins compatible for Editor in 1.00 ms, found 1 plugins.
Preloading 0 native plugins for Editor in 0.00 ms.
Unloading 3798 Unused Serialized files (Serialized files now loaded: 0)
System memory in use before: 173.5 MB.
System memory in use after: 173.7 MB.

Unloading 11 unused Assets to reduce memory usage. Loaded Objects now: 4452.
Total: 3.463600 ms (FindLiveObjects: 0.395400 ms CreateObjectMapping: 0.328000 ms MarkObjects: 2.657300 ms  DeleteObjects: 0.081800 ms)

========================================================================
Received Import Request.
  Time since last request: 99.984628 seconds.
  path: Assets/Script/LevelScript/LevelStateMachine/LevelPauseState.cs
  artifactKey: Guid(d756dc1b1cfa43a4aac2b7195a6c18dd) Importer(815301076,1909f56bfc062723c751e8b465ee728b)
Start importing Assets/Script/LevelScript/LevelStateMachine/LevelPauseState.cs using Guid(d756dc1b1cfa43a4aac2b7195a6c18dd) Importer(815301076,1909f56bfc062723c751e8b465ee728b)  -> (artifact id: 'bcfc9e74fc1da53036e7765ea540df30') in 0.006916 seconds
  Import took 0.014067 seconds .

========================================================================
Received Prepare
Registering precompiled user dll's ...
Registered in 0.003604 seconds.
Begin MonoManager ReloadAssembly
Native extension for WindowsStandalone target not found
Refreshing native plugins compatible for Editor in 1.03 ms, found 1 plugins.
Preloading 0 native plugins for Editor in 0.00 ms.
Invoked RoslynAnalysisRunner static constructor.
RoslynAnalysisRunner will not be running.
RoslynAnalysisRunner has terminated.
Mono: successfully reloaded assembly
- Completed reload, in  1.473 seconds
Platform modules already initialized, skipping
Shader 'Universal Render Pipeline/Particles/Lit': fallback shader 'Universal Render Pipeline/Particles/SimpleLit' not found
Refreshing native plugins compatible for Editor in 0.99 ms, found 1 plugins.
Preloading 0 native plugins for Editor in 0.00 ms.
Unloading 3798 Unused Serialized files (Serialized files now loaded: 0)
System memory in use before: 173.6 MB.
System memory in use after: 173.8 MB.

Unloading 11 unused Assets to reduce memory usage. Loaded Objects now: 4455.
Total: 5.458300 ms (FindLiveObjects: 0.638300 ms CreateObjectMapping: 0.321400 ms MarkObjects: 4.373600 ms  DeleteObjects: 0.123400 ms)

========================================================================
Received Prepare
Registering precompiled user dll's ...
Registered in 0.003394 seconds.
Begin MonoManager ReloadAssembly
Native extension for WindowsStandalone target not found
Refreshing native plugins compatible for Editor in 0.87 ms, found 1 plugins.
Preloading 0 native plugins for Editor in 0.00 ms.
Invoked RoslynAnalysisRunner static constructor.
RoslynAnalysisRunner will not be running.
RoslynAnalysisRunner has terminated.
Mono: successfully reloaded assembly
- Completed reload, in  1.423 seconds
Platform modules already initialized, skipping
Shader 'Universal Render Pipeline/Particles/Lit': fallback shader 'Universal Render Pipeline/Particles/SimpleLit' not found
Refreshing native plugins compatible for Editor in 1.03 ms, found 1 plugins.
Preloading 0 native plugins for Editor in 0.00 ms.
Unloading 3798 Unused Serialized files (Serialized files now loaded: 0)
System memory in use before: 173.6 MB.
System memory in use after: 173.8 MB.

Unloading 11 unused Assets to reduce memory usage. Loaded Objects now: 4458.
Total: 4.910900 ms (FindLiveObjects: 0.438100 ms CreateObjectMapping: 0.253100 ms MarkObjects: 4.117700 ms  DeleteObjects: 0.100600 ms)

========================================================================
Received Prepare
Registering precompiled user dll's ...
Registered in 0.003917 seconds.
Begin MonoManager ReloadAssembly
Native extension for WindowsStandalone target not found
Refreshing native plugins compatible for Editor in 1.58 ms, found 1 plugins.
Preloading 0 native plugins for Editor in 0.00 ms.
Invoked RoslynAnalysisRunner static constructor.
RoslynAnalysisRunner will not be running.
RoslynAnalysisRunner has terminated.
Mono: successfully reloaded assembly
- Completed reload, in  1.435 seconds
Platform modules already initialized, skipping
Shader 'Universal Render Pipeline/Particles/Lit': fallback shader 'Universal Render Pipeline/Particles/SimpleLit' not found
Refreshing native plugins compatible for Editor in 1.42 ms, found 1 plugins.
Preloading 0 native plugins for Editor in 0.00 ms.
Unloading 3798 Unused Serialized files (Serialized files now loaded: 0)
System memory in use before: 173.6 MB.
System memory in use after: 173.8 MB.

Unloading 11 unused Assets to reduce memory usage. Loaded Objects now: 4461.
Total: 5.136300 ms (FindLiveObjects: 0.739000 ms CreateObjectMapping: 0.463100 ms MarkObjects: 3.791500 ms  DeleteObjects: 0.140000 ms)

========================================================================
Received Import Request.
  Time since last request: 592.638882 seconds.
  path: Assets/Script/LevelScript/LevelStateMachine/LevelCompletedState.cs
  artifactKey: Guid(ccb4b142e0e51fa46986d0252a6998cd) Importer(815301076,1909f56bfc062723c751e8b465ee728b)
Start importing Assets/Script/LevelScript/LevelStateMachine/LevelCompletedState.cs using Guid(ccb4b142e0e51fa46986d0252a6998cd) Importer(815301076,1909f56bfc062723c751e8b465ee728b)  -> (artifact id: '999bc3b0d5474c3aeba20b3c198e689a') in 0.016325 seconds
  Import took 0.024053 seconds .

========================================================================
Received Prepare
Registering precompiled user dll's ...
Registered in 0.003160 seconds.
Begin MonoManager ReloadAssembly
Native extension for WindowsStandalone target not found
Refreshing native plugins compatible for Editor in 0.81 ms, found 1 plugins.
Preloading 0 native plugins for Editor in 0.00 ms.
Invoked RoslynAnalysisRunner static constructor.
RoslynAnalysisRunner will not be running.
RoslynAnalysisRunner has terminated.
Mono: successfully reloaded assembly
- Completed reload, in  1.381 seconds
Platform modules already initialized, skipping
Shader 'Universal Render Pipeline/Particles/Lit': fallback shader 'Universal Render Pipeline/Particles/SimpleLit' not found
Refreshing native plugins compatible for Editor in 0.88 ms, found 1 plugins.
Preloading 0 native plugins for Editor in 0.00 ms.
Unloading 3798 Unused Serialized files (Serialized files now loaded: 0)
System memory in use before: 173.6 MB.
System memory in use after: 173.8 MB.

Unloading 11 unused Assets to reduce memory usage. Loaded Objects now: 4464.
Total: 3.591600 ms (FindLiveObjects: 0.396900 ms CreateObjectMapping: 0.241200 ms MarkObjects: 2.866200 ms  DeleteObjects: 0.086000 ms)

========================================================================
Received Import Request.
  Time since last request: 56.199618 seconds.
  path: Assets/Script/LevelScript/LevelStateMachine/LevelCompletedState.cs
  artifactKey: Guid(ccb4b142e0e51fa46986d0252a6998cd) Importer(815301076,1909f56bfc062723c751e8b465ee728b)
Start importing Assets/Script/LevelScript/LevelStateMachine/LevelCompletedState.cs using Guid(ccb4b142e0e51fa46986d0252a6998cd) Importer(815301076,1909f56bfc062723c751e8b465ee728b)  -> (artifact id: 'c5127c3738257b71585d52800c9c9097') in 0.006634 seconds
  Import took 0.013974 seconds .

========================================================================
Received Prepare
Registering precompiled user dll's ...
Registered in 0.002642 seconds.
Begin MonoManager ReloadAssembly
Native extension for WindowsStandalone target not found
Refreshing native plugins compatible for Editor in 0.82 ms, found 1 plugins.
Preloading 0 native plugins for Editor in 0.00 ms.
Invoked RoslynAnalysisRunner static constructor.
RoslynAnalysisRunner will not be running.
RoslynAnalysisRunner has terminated.
Mono: successfully reloaded assembly
- Completed reload, in  1.273 seconds
Platform modules already initialized, skipping
Shader 'Universal Render Pipeline/Particles/Lit': fallback shader 'Universal Render Pipeline/Particles/SimpleLit' not found
Refreshing native plugins compatible for Editor in 0.87 ms, found 1 plugins.
Preloading 0 native plugins for Editor in 0.00 ms.
Unloading 3798 Unused Serialized files (Serialized files now loaded: 0)
System memory in use before: 173.6 MB.
System memory in use after: 173.8 MB.

Unloading 11 unused Assets to reduce memory usage. Loaded Objects now: 4467.
Total: 4.088400 ms (FindLiveObjects: 0.385000 ms CreateObjectMapping: 0.227900 ms MarkObjects: 3.387100 ms  DeleteObjects: 0.087000 ms)

========================================================================
Received Import Request.
  Time since last request: 54.814657 seconds.
  path: Assets/Script/LevelScript/LevelStateMachine/LevelCompletedState.cs
  artifactKey: Guid(ccb4b142e0e51fa46986d0252a6998cd) Importer(815301076,1909f56bfc062723c751e8b465ee728b)
Start importing Assets/Script/LevelScript/LevelStateMachine/LevelCompletedState.cs using Guid(ccb4b142e0e51fa46986d0252a6998cd) Importer(815301076,1909f56bfc062723c751e8b465ee728b)  -> (artifact id: 'ea4853e11981c8fa668de79cf54414cf') in 0.009996 seconds
  Import took 0.017005 seconds .

========================================================================
Received Prepare
Registering precompiled user dll's ...
Registered in 0.005002 seconds.
Begin MonoManager ReloadAssembly
Native extension for WindowsStandalone target not found
Refreshing native plugins compatible for Editor in 1.07 ms, found 1 plugins.
Preloading 0 native plugins for Editor in 0.00 ms.
Invoked RoslynAnalysisRunner static constructor.
RoslynAnalysisRunner will not be running.
RoslynAnalysisRunner has terminated.
Mono: successfully reloaded assembly
- Completed reload, in  1.879 seconds
Platform modules already initialized, skipping
Shader 'Universal Render Pipeline/Particles/Lit': fallback shader 'Universal Render Pipeline/Particles/SimpleLit' not found
Refreshing native plugins compatible for Editor in 0.98 ms, found 1 plugins.
Preloading 0 native plugins for Editor in 0.00 ms.
Unloading 3798 Unused Serialized files (Serialized files now loaded: 0)
System memory in use before: 173.6 MB.
System memory in use after: 173.8 MB.

Unloading 11 unused Assets to reduce memory usage. Loaded Objects now: 4470.
Total: 4.912200 ms (FindLiveObjects: 0.454300 ms CreateObjectMapping: 0.303400 ms MarkObjects: 4.035000 ms  DeleteObjects: 0.117900 ms)

========================================================================
Received Prepare
Registering precompiled user dll's ...
Registered in 0.004025 seconds.
Begin MonoManager ReloadAssembly
Native extension for WindowsStandalone target not found
Refreshing native plugins compatible for Editor in 1.45 ms, found 1 plugins.
Preloading 0 native plugins for Editor in 0.00 ms.
Invoked RoslynAnalysisRunner static constructor.
RoslynAnalysisRunner will not be running.
RoslynAnalysisRunner has terminated.
Mono: successfully reloaded assembly
- Completed reload, in  1.579 seconds
Platform modules already initialized, skipping
Shader 'Universal Render Pipeline/Particles/Lit': fallback shader 'Universal Render Pipeline/Particles/SimpleLit' not found
Refreshing native plugins compatible for Editor in 1.08 ms, found 1 plugins.
Preloading 0 native plugins for Editor in 0.00 ms.
Unloading 3798 Unused Serialized files (Serialized files now loaded: 0)
System memory in use before: 173.6 MB.
System memory in use after: 173.9 MB.

Unloading 11 unused Assets to reduce memory usage. Loaded Objects now: 4473.
Total: 6.102300 ms (FindLiveObjects: 0.685600 ms CreateObjectMapping: 0.390300 ms MarkObjects: 4.904100 ms  DeleteObjects: 0.119900 ms)

========================================================================
Received Prepare
Registering precompiled user dll's ...
Registered in 0.003436 seconds.
Begin MonoManager ReloadAssembly
Native extension for WindowsStandalone target not found
Refreshing native plugins compatible for Editor in 0.94 ms, found 1 plugins.
Preloading 0 native plugins for Editor in 0.00 ms.
Invoked RoslynAnalysisRunner static constructor.
RoslynAnalysisRunner will not be running.
RoslynAnalysisRunner has terminated.
Mono: successfully reloaded assembly
- Completed reload, in  1.574 seconds
Platform modules already initialized, skipping
Shader 'Universal Render Pipeline/Particles/Lit': fallback shader 'Universal Render Pipeline/Particles/SimpleLit' not found
Refreshing native plugins compatible for Editor in 0.96 ms, found 1 plugins.
Preloading 0 native plugins for Editor in 0.00 ms.
Unloading 3798 Unused Serialized files (Serialized files now loaded: 0)
System memory in use before: 173.7 MB.
System memory in use after: 173.9 MB.

Unloading 11 unused Assets to reduce memory usage. Loaded Objects now: 4476.
Total: 5.520900 ms (FindLiveObjects: 0.702000 ms CreateObjectMapping: 0.483700 ms MarkObjects: 4.199800 ms  DeleteObjects: 0.133400 ms)

========================================================================
Received Prepare
Registering precompiled user dll's ...
Registered in 0.002786 seconds.
Begin MonoManager ReloadAssembly
Native extension for WindowsStandalone target not found
Refreshing native plugins compatible for Editor in 1.27 ms, found 1 plugins.
Preloading 0 native plugins for Editor in 0.00 ms.
Invoked RoslynAnalysisRunner static constructor.
RoslynAnalysisRunner will not be running.
RoslynAnalysisRunner has terminated.
Mono: successfully reloaded assembly
- Completed reload, in  1.382 seconds
Platform modules already initialized, skipping
Shader 'Universal Render Pipeline/Particles/Lit': fallback shader 'Universal Render Pipeline/Particles/SimpleLit' not found
Refreshing native plugins compatible for Editor in 0.87 ms, found 1 plugins.
Preloading 0 native plugins for Editor in 0.00 ms.
Unloading 3798 Unused Serialized files (Serialized files now loaded: 0)
System memory in use before: 173.7 MB.
System memory in use after: 173.9 MB.

Unloading 11 unused Assets to reduce memory usage. Loaded Objects now: 4479.
Total: 4.288400 ms (FindLiveObjects: 0.422800 ms CreateObjectMapping: 0.294600 ms MarkObjects: 3.477700 ms  DeleteObjects: 0.092200 ms)

========================================================================
Received Import Request.
  Time since last request: 454.478122 seconds.
  path: Assets/Animations/Crossfade.controller
  artifactKey: Guid(259ee0fcd31641843919550aaad465eb) Importer(815301076,1909f56bfc062723c751e8b465ee728b)
Start importing Assets/Animations/Crossfade.controller using Guid(259ee0fcd31641843919550aaad465eb) Importer(815301076,1909f56bfc062723c751e8b465ee728b)  -> (artifact id: '73c8b09a0b82254175272ff05b027c34') in 0.036939 seconds
  Import took 0.043840 seconds .

========================================================================
Received Import Request.
  Time since last request: 49.304787 seconds.
  path: Assets/Animations/Crossfade.controller
  artifactKey: Guid(259ee0fcd31641843919550aaad465eb) Importer(815301076,1909f56bfc062723c751e8b465ee728b)
Start importing Assets/Animations/Crossfade.controller using Guid(259ee0fcd31641843919550aaad465eb) Importer(815301076,1909f56bfc062723c751e8b465ee728b)  -> (artifact id: '54bce86350f2d0476cc5290278036518') in 0.004718 seconds
  Import took 0.013128 seconds .

========================================================================
Received Prepare
Registering precompiled user dll's ...
Registered in 0.002911 seconds.
Begin MonoManager ReloadAssembly
Native extension for WindowsStandalone target not found
Refreshing native plugins compatible for Editor in 0.88 ms, found 1 plugins.
Preloading 0 native plugins for Editor in 0.00 ms.
Invoked RoslynAnalysisRunner static constructor.
RoslynAnalysisRunner will not be running.
RoslynAnalysisRunner has terminated.
Mono: successfully reloaded assembly
- Completed reload, in  1.308 seconds
Platform modules already initialized, skipping
Shader 'Universal Render Pipeline/Particles/Lit': fallback shader 'Universal Render Pipeline/Particles/SimpleLit' not found
Refreshing native plugins compatible for Editor in 0.92 ms, found 1 plugins.
Preloading 0 native plugins for Editor in 0.00 ms.
Unloading 3798 Unused Serialized files (Serialized files now loaded: 0)
System memory in use before: 173.7 MB.
System memory in use after: 173.9 MB.

Unloading 11 unused Assets to reduce memory usage. Loaded Objects now: 4482.
Total: 6.162100 ms (FindLiveObjects: 0.609500 ms CreateObjectMapping: 0.289500 ms MarkObjects: 5.166900 ms  DeleteObjects: 0.094400 ms)

========================================================================
Received Prepare
Registering precompiled user dll's ...
Registered in 0.004169 seconds.
Begin MonoManager ReloadAssembly
Native extension for WindowsStandalone target not found
Refreshing native plugins compatible for Editor in 1.89 ms, found 1 plugins.
Preloading 0 native plugins for Editor in 0.00 ms.
Invoked RoslynAnalysisRunner static constructor.
RoslynAnalysisRunner will not be running.
RoslynAnalysisRunner has terminated.
Mono: successfully reloaded assembly
- Completed reload, in  1.823 seconds
Platform modules already initialized, skipping
Shader 'Universal Render Pipeline/Particles/Lit': fallback shader 'Universal Render Pipeline/Particles/SimpleLit' not found
Refreshing native plugins compatible for Editor in 0.98 ms, found 1 plugins.
Preloading 0 native plugins for Editor in 0.00 ms.
Unloading 3798 Unused Serialized files (Serialized files now loaded: 0)
System memory in use before: 173.7 MB.
System memory in use after: 173.9 MB.

Unloading 11 unused Assets to reduce memory usage. Loaded Objects now: 4485.
Total: 4.229500 ms (FindLiveObjects: 0.536900 ms CreateObjectMapping: 0.360300 ms MarkObjects: 3.227900 ms  DeleteObjects: 0.102300 ms)

========================================================================
Received Prepare
Registering precompiled user dll's ...
Registered in 0.002559 seconds.
Begin MonoManager ReloadAssembly
Native extension for WindowsStandalone target not found
Refreshing native plugins compatible for Editor in 1.54 ms, found 1 plugins.
Preloading 0 native plugins for Editor in 0.00 ms.
Invoked RoslynAnalysisRunner static constructor.
RoslynAnalysisRunner will not be running.
RoslynAnalysisRunner has terminated.
Mono: successfully reloaded assembly
- Completed reload, in  1.441 seconds
Platform modules already initialized, skipping
Shader 'Universal Render Pipeline/Particles/Lit': fallback shader 'Universal Render Pipeline/Particles/SimpleLit' not found
Refreshing native plugins compatible for Editor in 1.51 ms, found 1 plugins.
Preloading 0 native plugins for Editor in 0.00 ms.
Unloading 3798 Unused Serialized files (Serialized files now loaded: 0)
System memory in use before: 173.7 MB.
System memory in use after: 173.9 MB.

Unloading 11 unused Assets to reduce memory usage. Loaded Objects now: 4488.
Total: 10.029200 ms (FindLiveObjects: 0.871800 ms CreateObjectMapping: 0.692700 ms MarkObjects: 8.254600 ms  DeleteObjects: 0.207900 ms)

========================================================================
Received Prepare
Registering precompiled user dll's ...
Registered in 0.002644 seconds.
Begin MonoManager ReloadAssembly
Native extension for WindowsStandalone target not found
Refreshing native plugins compatible for Editor in 1.03 ms, found 1 plugins.
Preloading 0 native plugins for Editor in 0.00 ms.
Invoked RoslynAnalysisRunner static constructor.
RoslynAnalysisRunner will not be running.
RoslynAnalysisRunner has terminated.
Mono: successfully reloaded assembly
- Completed reload, in  1.701 seconds
Platform modules already initialized, skipping
Shader 'Universal Render Pipeline/Particles/Lit': fallback shader 'Universal Render Pipeline/Particles/SimpleLit' not found
Refreshing native plugins compatible for Editor in 2.08 ms, found 1 plugins.
Preloading 0 native plugins for Editor in 0.00 ms.
Unloading 3798 Unused Serialized files (Serialized files now loaded: 0)
System memory in use before: 173.7 MB.
System memory in use after: 173.9 MB.

Unloading 11 unused Assets to reduce memory usage. Loaded Objects now: 4491.
Total: 7.226100 ms (FindLiveObjects: 0.877500 ms CreateObjectMapping: 0.543700 ms MarkObjects: 5.705800 ms  DeleteObjects: 0.096500 ms)

========================================================================
Received Prepare
Registering precompiled user dll's ...
Registered in 0.004328 seconds.
Begin MonoManager ReloadAssembly
Native extension for WindowsStandalone target not found
Refreshing native plugins compatible for Editor in 1.46 ms, found 1 plugins.
Preloading 0 native plugins for Editor in 0.00 ms.
Invoked RoslynAnalysisRunner static constructor.
RoslynAnalysisRunner will not be running.
RoslynAnalysisRunner has terminated.
Mono: successfully reloaded assembly
- Completed reload, in  1.636 seconds
Platform modules already initialized, skipping
Shader 'Universal Render Pipeline/Particles/Lit': fallback shader 'Universal Render Pipeline/Particles/SimpleLit' not found
Refreshing native plugins compatible for Editor in 1.40 ms, found 1 plugins.
Preloading 0 native plugins for Editor in 0.00 ms.
Unloading 3798 Unused Serialized files (Serialized files now loaded: 0)
System memory in use before: 173.7 MB.
System memory in use after: 174.0 MB.

Unloading 11 unused Assets to reduce memory usage. Loaded Objects now: 4494.
Total: 5.594400 ms (FindLiveObjects: 0.450400 ms CreateObjectMapping: 0.297300 ms MarkObjects: 4.740400 ms  DeleteObjects: 0.105000 ms)

========================================================================
Received Prepare
Registering precompiled user dll's ...
Registered in 0.003297 seconds.
Begin MonoManager ReloadAssembly
Native extension for WindowsStandalone target not found
Refreshing native plugins compatible for Editor in 0.96 ms, found 1 plugins.
Preloading 0 native plugins for Editor in 0.00 ms.
Invoked RoslynAnalysisRunner static constructor.
RoslynAnalysisRunner will not be running.
RoslynAnalysisRunner has terminated.
Mono: successfully reloaded assembly
- Completed reload, in  1.662 seconds
Platform modules already initialized, skipping
Shader 'Universal Render Pipeline/Particles/Lit': fallback shader 'Universal Render Pipeline/Particles/SimpleLit' not found
Refreshing native plugins compatible for Editor in 1.47 ms, found 1 plugins.
Preloading 0 native plugins for Editor in 0.00 ms.
Unloading 3798 Unused Serialized files (Serialized files now loaded: 0)
System memory in use before: 173.8 MB.
System memory in use after: 174.0 MB.

Unloading 11 unused Assets to reduce memory usage. Loaded Objects now: 4497.
Total: 5.731500 ms (FindLiveObjects: 0.661100 ms CreateObjectMapping: 0.344900 ms MarkObjects: 4.608800 ms  DeleteObjects: 0.114700 ms)

========================================================================
Received Prepare
Registering precompiled user dll's ...
Registered in 0.003723 seconds.
Begin MonoManager ReloadAssembly
Native extension for WindowsStandalone target not found
Refreshing native plugins compatible for Editor in 1.06 ms, found 1 plugins.
Preloading 0 native plugins for Editor in 0.00 ms.
Invoked RoslynAnalysisRunner static constructor.
RoslynAnalysisRunner will not be running.
RoslynAnalysisRunner has terminated.
Mono: successfully reloaded assembly
- Completed reload, in  1.376 seconds
Platform modules already initialized, skipping
Shader 'Universal Render Pipeline/Particles/Lit': fallback shader 'Universal Render Pipeline/Particles/SimpleLit' not found
Refreshing native plugins compatible for Editor in 0.93 ms, found 1 plugins.
Preloading 0 native plugins for Editor in 0.00 ms.
Unloading 3798 Unused Serialized files (Serialized files now loaded: 0)
System memory in use before: 173.8 MB.
System memory in use after: 174.0 MB.

Unloading 11 unused Assets to reduce memory usage. Loaded Objects now: 4500.
Total: 5.768300 ms (FindLiveObjects: 0.632600 ms CreateObjectMapping: 0.322400 ms MarkObjects: 4.659900 ms  DeleteObjects: 0.151700 ms)

========================================================================
Received Prepare
Registering precompiled user dll's ...
Registered in 0.003726 seconds.
Begin MonoManager ReloadAssembly
Native extension for WindowsStandalone target not found
Refreshing native plugins compatible for Editor in 1.04 ms, found 1 plugins.
Preloading 0 native plugins for Editor in 0.00 ms.
Invoked RoslynAnalysisRunner static constructor.
RoslynAnalysisRunner will not be running.
RoslynAnalysisRunner has terminated.
Mono: successfully reloaded assembly
- Completed reload, in  1.486 seconds
Platform modules already initialized, skipping
Shader 'Universal Render Pipeline/Particles/Lit': fallback shader 'Universal Render Pipeline/Particles/SimpleLit' not found
Refreshing native plugins compatible for Editor in 1.53 ms, found 1 plugins.
Preloading 0 native plugins for Editor in 0.00 ms.
Unloading 3798 Unused Serialized files (Serialized files now loaded: 0)
System memory in use before: 173.8 MB.
System memory in use after: 174.0 MB.

Unloading 11 unused Assets to reduce memory usage. Loaded Objects now: 4503.
Total: 5.059500 ms (FindLiveObjects: 0.847400 ms CreateObjectMapping: 0.417600 ms MarkObjects: 3.690800 ms  DeleteObjects: 0.101900 ms)

========================================================================
Received Prepare
Registering precompiled user dll's ...
Registered in 0.002634 seconds.
Begin MonoManager ReloadAssembly
Native extension for WindowsStandalone target not found
Refreshing native plugins compatible for Editor in 2.10 ms, found 1 plugins.
Preloading 0 native plugins for Editor in 0.00 ms.
Invoked RoslynAnalysisRunner static constructor.
RoslynAnalysisRunner will not be running.
RoslynAnalysisRunner has terminated.
Mono: successfully reloaded assembly
- Completed reload, in  1.775 seconds
Platform modules already initialized, skipping
Shader 'Universal Render Pipeline/Particles/Lit': fallback shader 'Universal Render Pipeline/Particles/SimpleLit' not found
Refreshing native plugins compatible for Editor in 1.41 ms, found 1 plugins.
Preloading 0 native plugins for Editor in 0.00 ms.
Unloading 3798 Unused Serialized files (Serialized files now loaded: 0)
System memory in use before: 173.8 MB.
System memory in use after: 174.0 MB.

Unloading 11 unused Assets to reduce memory usage. Loaded Objects now: 4506.
Total: 4.724000 ms (FindLiveObjects: 0.463300 ms CreateObjectMapping: 0.287500 ms MarkObjects: 3.879000 ms  DeleteObjects: 0.093000 ms)

========================================================================
Received Prepare
Registering precompiled user dll's ...
Registered in 0.002596 seconds.
Begin MonoManager ReloadAssembly
Native extension for WindowsStandalone target not found
Refreshing native plugins compatible for Editor in 0.87 ms, found 1 plugins.
Preloading 0 native plugins for Editor in 0.00 ms.
Invoked RoslynAnalysisRunner static constructor.
RoslynAnalysisRunner will not be running.
RoslynAnalysisRunner has terminated.
Mono: successfully reloaded assembly
- Completed reload, in  1.472 seconds
Platform modules already initialized, skipping
Shader 'Universal Render Pipeline/Particles/Lit': fallback shader 'Universal Render Pipeline/Particles/SimpleLit' not found
Refreshing native plugins compatible for Editor in 0.98 ms, found 1 plugins.
Preloading 0 native plugins for Editor in 0.00 ms.
Unloading 3798 Unused Serialized files (Serialized files now loaded: 0)
System memory in use before: 173.8 MB.
System memory in use after: 174.0 MB.

Unloading 11 unused Assets to reduce memory usage. Loaded Objects now: 4509.
Total: 4.340600 ms (FindLiveObjects: 0.662200 ms CreateObjectMapping: 0.332400 ms MarkObjects: 3.256800 ms  DeleteObjects: 0.087500 ms)

========================================================================
Received Prepare
Registering precompiled user dll's ...
Registered in 0.003620 seconds.
Begin MonoManager ReloadAssembly
Native extension for WindowsStandalone target not found
Refreshing native plugins compatible for Editor in 0.95 ms, found 1 plugins.
Preloading 0 native plugins for Editor in 0.00 ms.
Invoked RoslynAnalysisRunner static constructor.
RoslynAnalysisRunner will not be running.
RoslynAnalysisRunner has terminated.
Mono: successfully reloaded assembly
- Completed reload, in  1.271 seconds
Platform modules already initialized, skipping
Shader 'Universal Render Pipeline/Particles/Lit': fallback shader 'Universal Render Pipeline/Particles/SimpleLit' not found
Refreshing native plugins compatible for Editor in 0.93 ms, found 1 plugins.
Preloading 0 native plugins for Editor in 0.00 ms.
Unloading 3798 Unused Serialized files (Serialized files now loaded: 0)
System memory in use before: 173.8 MB.
System memory in use after: 174.0 MB.

Unloading 11 unused Assets to reduce memory usage. Loaded Objects now: 4512.
Total: 5.160700 ms (FindLiveObjects: 0.499300 ms CreateObjectMapping: 0.262200 ms MarkObjects: 4.285900 ms  DeleteObjects: 0.111500 ms)

========================================================================
Received Prepare
Registering precompiled user dll's ...
Registered in 0.002572 seconds.
Begin MonoManager ReloadAssembly
Native extension for WindowsStandalone target not found
Refreshing native plugins compatible for Editor in 0.84 ms, found 1 plugins.
Preloading 0 native plugins for Editor in 0.00 ms.
Invoked RoslynAnalysisRunner static constructor.
RoslynAnalysisRunner will not be running.
RoslynAnalysisRunner has terminated.
Mono: successfully reloaded assembly
- Completed reload, in  1.434 seconds
Platform modules already initialized, skipping
Shader 'Universal Render Pipeline/Particles/Lit': fallback shader 'Universal Render Pipeline/Particles/SimpleLit' not found
Refreshing native plugins compatible for Editor in 0.89 ms, found 1 plugins.
Preloading 0 native plugins for Editor in 0.00 ms.
Unloading 3798 Unused Serialized files (Serialized files now loaded: 0)
System memory in use before: 173.8 MB.
System memory in use after: 174.0 MB.

Unloading 11 unused Assets to reduce memory usage. Loaded Objects now: 4515.
Total: 3.680600 ms (FindLiveObjects: 0.453000 ms CreateObjectMapping: 0.295600 ms MarkObjects: 2.843300 ms  DeleteObjects: 0.087200 ms)

========================================================================
Received Prepare
Registering precompiled user dll's ...
Registered in 0.002492 seconds.
Begin MonoManager ReloadAssembly
Native extension for WindowsStandalone target not found
Refreshing native plugins compatible for Editor in 0.83 ms, found 1 plugins.
Preloading 0 native plugins for Editor in 0.00 ms.
Invoked RoslynAnalysisRunner static constructor.
RoslynAnalysisRunner will not be running.
RoslynAnalysisRunner has terminated.
Mono: successfully reloaded assembly
- Completed reload, in  1.375 seconds
Platform modules already initialized, skipping
Shader 'Universal Render Pipeline/Particles/Lit': fallback shader 'Universal Render Pipeline/Particles/SimpleLit' not found
Refreshing native plugins compatible for Editor in 0.80 ms, found 1 plugins.
Preloading 0 native plugins for Editor in 0.00 ms.
Unloading 3798 Unused Serialized files (Serialized files now loaded: 0)
System memory in use before: 173.8 MB.
System memory in use after: 174.0 MB.

Unloading 11 unused Assets to reduce memory usage. Loaded Objects now: 4518.
Total: 4.584300 ms (FindLiveObjects: 0.569400 ms CreateObjectMapping: 0.253500 ms MarkObjects: 3.675400 ms  DeleteObjects: 0.084400 ms)

========================================================================
Received Prepare
Registering precompiled user dll's ...
Registered in 0.002756 seconds.
Begin MonoManager ReloadAssembly
Native extension for WindowsStandalone target not found
Refreshing native plugins compatible for Editor in 0.84 ms, found 1 plugins.
Preloading 0 native plugins for Editor in 0.00 ms.
Invoked RoslynAnalysisRunner static constructor.
RoslynAnalysisRunner will not be running.
RoslynAnalysisRunner has terminated.
Mono: successfully reloaded assembly
- Completed reload, in  1.280 seconds
Platform modules already initialized, skipping
Shader 'Universal Render Pipeline/Particles/Lit': fallback shader 'Universal Render Pipeline/Particles/SimpleLit' not found
Refreshing native plugins compatible for Editor in 0.84 ms, found 1 plugins.
Preloading 0 native plugins for Editor in 0.00 ms.
Unloading 3798 Unused Serialized files (Serialized files now loaded: 0)
System memory in use before: 173.8 MB.
System memory in use after: 174.1 MB.

Unloading 11 unused Assets to reduce memory usage. Loaded Objects now: 4521.
Total: 3.956500 ms (FindLiveObjects: 0.411600 ms CreateObjectMapping: 0.230300 ms MarkObjects: 3.230200 ms  DeleteObjects: 0.083400 ms)

========================================================================
Received Prepare
Registering precompiled user dll's ...
Registered in 0.002758 seconds.
Begin MonoManager ReloadAssembly
Native extension for WindowsStandalone target not found
Refreshing native plugins compatible for Editor in 1.10 ms, found 1 plugins.
Preloading 0 native plugins for Editor in 0.00 ms.
Invoked RoslynAnalysisRunner static constructor.
RoslynAnalysisRunner will not be running.
RoslynAnalysisRunner has terminated.
Mono: successfully reloaded assembly
- Completed reload, in  1.235 seconds
Platform modules already initialized, skipping
Shader 'Universal Render Pipeline/Particles/Lit': fallback shader 'Universal Render Pipeline/Particles/SimpleLit' not found
Refreshing native plugins compatible for Editor in 0.96 ms, found 1 plugins.
Preloading 0 native plugins for Editor in 0.00 ms.
Unloading 3798 Unused Serialized files (Serialized files now loaded: 0)
System memory in use before: 173.8 MB.
System memory in use after: 174.1 MB.

Unloading 11 unused Assets to reduce memory usage. Loaded Objects now: 4524.
Total: 6.238800 ms (FindLiveObjects: 0.858500 ms CreateObjectMapping: 0.462900 ms MarkObjects: 4.790600 ms  DeleteObjects: 0.124700 ms)

========================================================================
Received Prepare
Registering precompiled user dll's ...
Registered in 0.002722 seconds.
Begin MonoManager ReloadAssembly
Native extension for WindowsStandalone target not found
Refreshing native plugins compatible for Editor in 0.92 ms, found 1 plugins.
Preloading 0 native plugins for Editor in 0.00 ms.
Invoked RoslynAnalysisRunner static constructor.
RoslynAnalysisRunner will not be running.
RoslynAnalysisRunner has terminated.
Mono: successfully reloaded assembly
- Completed reload, in  1.849 seconds
Platform modules already initialized, skipping
Shader 'Universal Render Pipeline/Particles/Lit': fallback shader 'Universal Render Pipeline/Particles/SimpleLit' not found
Refreshing native plugins compatible for Editor in 0.89 ms, found 1 plugins.
Preloading 0 native plugins for Editor in 0.00 ms.
Unloading 3798 Unused Serialized files (Serialized files now loaded: 0)
System memory in use before: 173.9 MB.
System memory in use after: 174.1 MB.

Unloading 11 unused Assets to reduce memory usage. Loaded Objects now: 4527.
Total: 3.761700 ms (FindLiveObjects: 0.488200 ms CreateObjectMapping: 0.273100 ms MarkObjects: 2.914300 ms  DeleteObjects: 0.084900 ms)

========================================================================
Received Prepare
Registering precompiled user dll's ...
Registered in 0.002575 seconds.
Begin MonoManager ReloadAssembly
Native extension for WindowsStandalone target not found
Refreshing native plugins compatible for Editor in 1.44 ms, found 1 plugins.
Preloading 0 native plugins for Editor in 0.00 ms.
Invoked RoslynAnalysisRunner static constructor.
RoslynAnalysisRunner will not be running.
RoslynAnalysisRunner has terminated.
Mono: successfully reloaded assembly
- Completed reload, in  1.252 seconds
Platform modules already initialized, skipping
Shader 'Universal Render Pipeline/Particles/Lit': fallback shader 'Universal Render Pipeline/Particles/SimpleLit' not found
Refreshing native plugins compatible for Editor in 0.95 ms, found 1 plugins.
Preloading 0 native plugins for Editor in 0.00 ms.
Unloading 3798 Unused Serialized files (Serialized files now loaded: 0)
System memory in use before: 173.9 MB.
System memory in use after: 174.1 MB.

Unloading 11 unused Assets to reduce memory usage. Loaded Objects now: 4530.
Total: 4.756700 ms (FindLiveObjects: 0.487100 ms CreateObjectMapping: 0.277400 ms MarkObjects: 3.848400 ms  DeleteObjects: 0.141300 ms)

========================================================================
Received Prepare
Registering precompiled user dll's ...
Registered in 0.002646 seconds.
Begin MonoManager ReloadAssembly
Native extension for WindowsStandalone target not found
Refreshing native plugins compatible for Editor in 1.62 ms, found 1 plugins.
Preloading 0 native plugins for Editor in 0.00 ms.
Invoked RoslynAnalysisRunner static constructor.
RoslynAnalysisRunner will not be running.
RoslynAnalysisRunner has terminated.
Mono: successfully reloaded assembly
- Completed reload, in  1.731 seconds
Platform modules already initialized, skipping
Shader 'Universal Render Pipeline/Particles/Lit': fallback shader 'Universal Render Pipeline/Particles/SimpleLit' not found
Refreshing native plugins compatible for Editor in 1.38 ms, found 1 plugins.
Preloading 0 native plugins for Editor in 0.00 ms.
Unloading 3798 Unused Serialized files (Serialized files now loaded: 0)
System memory in use before: 173.9 MB.
System memory in use after: 174.1 MB.

Unloading 11 unused Assets to reduce memory usage. Loaded Objects now: 4533.
Total: 4.938500 ms (FindLiveObjects: 0.472500 ms CreateObjectMapping: 0.271400 ms MarkObjects: 4.056400 ms  DeleteObjects: 0.136000 ms)

========================================================================
Received Prepare
Registering precompiled user dll's ...
Registered in 0.003351 seconds.
Begin MonoManager ReloadAssembly
Native extension for WindowsStandalone target not found
Refreshing native plugins compatible for Editor in 0.91 ms, found 1 plugins.
Preloading 0 native plugins for Editor in 0.00 ms.
Invoked RoslynAnalysisRunner static constructor.
RoslynAnalysisRunner will not be running.
RoslynAnalysisRunner has terminated.
Mono: successfully reloaded assembly
- Completed reload, in  1.524 seconds
Platform modules already initialized, skipping
Shader 'Universal Render Pipeline/Particles/Lit': fallback shader 'Universal Render Pipeline/Particles/SimpleLit' not found
Refreshing native plugins compatible for Editor in 0.95 ms, found 1 plugins.
Preloading 0 native plugins for Editor in 0.00 ms.
Unloading 3798 Unused Serialized files (Serialized files now loaded: 0)
System memory in use before: 173.9 MB.
System memory in use after: 174.1 MB.

Unloading 11 unused Assets to reduce memory usage. Loaded Objects now: 4536.
Total: 5.206800 ms (FindLiveObjects: 0.645100 ms CreateObjectMapping: 0.302900 ms MarkObjects: 4.165300 ms  DeleteObjects: 0.091800 ms)

========================================================================
Received Prepare
Registering precompiled user dll's ...
Registered in 0.002889 seconds.
Begin MonoManager ReloadAssembly
Native extension for WindowsStandalone target not found
Refreshing native plugins compatible for Editor in 1.70 ms, found 1 plugins.
Preloading 0 native plugins for Editor in 0.00 ms.
Invoked RoslynAnalysisRunner static constructor.
RoslynAnalysisRunner will not be running.
RoslynAnalysisRunner has terminated.
Mono: successfully reloaded assembly
- Completed reload, in  1.578 seconds
Platform modules already initialized, skipping
Shader 'Universal Render Pipeline/Particles/Lit': fallback shader 'Universal Render Pipeline/Particles/SimpleLit' not found
Refreshing native plugins compatible for Editor in 1.00 ms, found 1 plugins.
Preloading 0 native plugins for Editor in 0.00 ms.
Unloading 3798 Unused Serialized files (Serialized files now loaded: 0)
System memory in use before: 173.9 MB.
System memory in use after: 174.1 MB.

Unloading 11 unused Assets to reduce memory usage. Loaded Objects now: 4539.
Total: 5.547200 ms (FindLiveObjects: 0.448600 ms CreateObjectMapping: 0.257900 ms MarkObjects: 4.680100 ms  DeleteObjects: 0.159200 ms)

========================================================================
Received Prepare
Registering precompiled user dll's ...
Registered in 0.002872 seconds.
Begin MonoManager ReloadAssembly
Native extension for WindowsStandalone target not found
Refreshing native plugins compatible for Editor in 1.16 ms, found 1 plugins.
Preloading 0 native plugins for Editor in 0.00 ms.
Invoked RoslynAnalysisRunner static constructor.
RoslynAnalysisRunner will not be running.
RoslynAnalysisRunner has terminated.
Mono: successfully reloaded assembly
- Completed reload, in  1.951 seconds
Platform modules already initialized, skipping
Shader 'Universal Render Pipeline/Particles/Lit': fallback shader 'Universal Render Pipeline/Particles/SimpleLit' not found
Refreshing native plugins compatible for Editor in 1.10 ms, found 1 plugins.
Preloading 0 native plugins for Editor in 0.00 ms.
Unloading 3798 Unused Serialized files (Serialized files now loaded: 0)
System memory in use before: 174.0 MB.
System memory in use after: 174.2 MB.

Unloading 11 unused Assets to reduce memory usage. Loaded Objects now: 4542.
Total: 6.553800 ms (FindLiveObjects: 1.044700 ms CreateObjectMapping: 0.652600 ms MarkObjects: 4.763200 ms  DeleteObjects: 0.091400 ms)

AssetImportWorkerClient::OnTransportError - code=2 error=End of file
