Using pre-set license
Built from '2020.2/staging' branch; Version is '2020.2.7f1 (c53830e277f1) revision 12924976'; Using compiler version '192528614'; Build Type 'Release'
OS: 'Windows 10 Pro; OS build 22000.318; Version 2009; 64bit' Language: 'it' Physical Memory: 16155 MB
BatchMode: 1, IsHumanControllingUs: 0, StartBugReporterOnCrash: 0, Is64bit: 1, IsPro: 0

 COMMAND LINE ARGUMENTS:
C:\Program Files\Unity\Hub\Editor\2020.2.7f1\Editor\Unity.exe
-adb2
-batchMode
-noUpm
-name
AssetImportWorker0
-projectPath
C:/Users/Hp Gamingstation/Documents/GitHub/MontagsGame/MontagsGame
-logFile
Logs/AssetImportWorker0.log
-srvPort
51736
Successfully changed project path to: C:/Users/Hp Gamingstation/Documents/GitHub/MontagsGame/MontagsGame
C:/Users/Hp Gamingstation/Documents/GitHub/MontagsGame/MontagsGame
Using Asset Import Pipeline V2.
Refreshing native plugins compatible for Editor in 128.71 ms, found 1 plugins.
Preloading 0 native plugins for Editor in 0.00 ms.
Initialize engine version: 2020.2.7f1 (c53830e277f1)
[Subsystems] Discovering subsystems at path C:/Program Files/Unity/Hub/Editor/2020.2.7f1/Editor/Data/Resources/UnitySubsystems
[Subsystems] Discovering subsystems at path C:/Users/Hp Gamingstation/Documents/GitHub/MontagsGame/MontagsGame/Assets
GfxDevice: creating device client; threaded=0
Direct3D:
    Version:  Direct3D 11.0 [level 11.1]
    Renderer: NVIDIA GeForce GTX 1650 Ti (ID=0x1f95)
    Vendor:   
    VRAM:     3962 MB
    Driver:   27.21.14.6280
Shader 'Universal Render Pipeline/Particles/Lit': fallback shader 'Universal Render Pipeline/Particles/SimpleLit' not found
Initialize mono
Mono path[0] = 'C:/Program Files/Unity/Hub/Editor/2020.2.7f1/Editor/Data/Managed'
Mono path[1] = 'C:/Program Files/Unity/Hub/Editor/2020.2.7f1/Editor/Data/MonoBleedingEdge/lib/mono/unityjit'
Mono config path = 'C:/Program Files/Unity/Hub/Editor/2020.2.7f1/Editor/Data/MonoBleedingEdge/etc'
Using monoOptions --debugger-agent=transport=dt_socket,embedding=1,server=y,suspend=n,address=127.0.0.1:56564
Begin MonoManager ReloadAssembly
Registering precompiled unity dll's ...
Register platform support module: C:/Program Files/Unity/Hub/Editor/2020.2.7f1/Editor/Data/PlaybackEngines/WindowsStandaloneSupport/UnityEditor.WindowsStandalone.Extensions.dll
Registered in 0.001819 seconds.
Native extension for WindowsStandalone target not found
Refreshing native plugins compatible for Editor in 116.63 ms, found 1 plugins.
Preloading 0 native plugins for Editor in 0.00 ms.
Invoked RoslynAnalysisRunner static constructor.
RoslynAnalysisRunner will not be running.
RoslynAnalysisRunner has terminated.
Mono: successfully reloaded assembly
- Completed reload, in  1.435 seconds
Platform modules already initialized, skipping
Registering precompiled user dll's ...
Registered in 0.002474 seconds.
Begin MonoManager ReloadAssembly
Native extension for WindowsStandalone target not found
Refreshing native plugins compatible for Editor in 120.59 ms, found 1 plugins.
Preloading 0 native plugins for Editor in 0.00 ms.
Invoked RoslynAnalysisRunner static constructor.
RoslynAnalysisRunner will not be running.
RoslynAnalysisRunner has terminated.
Mono: successfully reloaded assembly
- Completed reload, in  2.333 seconds
Platform modules already initialized, skipping
========================================================================
Worker process is ready to serve import requests
Shader 'Universal Render Pipeline/Particles/Lit': fallback shader 'Universal Render Pipeline/Particles/SimpleLit' not found
Launched and connected shader compiler UnityShaderCompiler.exe after 0.04 seconds
Refreshing native plugins compatible for Editor in 1.09 ms, found 1 plugins.
Preloading 0 native plugins for Editor in 0.00 ms.
Unloading 4197 Unused Serialized files (Serialized files now loaded: 0)
System memory in use before: 271.7 MB.
System memory in use after: 271.9 MB.

Unloading 20 unused Assets to reduce memory usage. Loaded Objects now: 4662.
Total: 5.216700 ms (FindLiveObjects: 0.511800 ms CreateObjectMapping: 0.270400 ms MarkObjects: 4.055100 ms  DeleteObjects: 0.377400 ms)

AssetImportParameters requested are different than current active one (requested -> active):
  graphicsApiMask: 131076 -> 4
========================================================================
Received Import Request.
  path: Assets/Scenes/Level_1_1.unity
  artifactKey: Guid(dcf3aa688fdad5f4a92611430385ebd8) Importer(815301076,1909f56bfc062723c751e8b465ee728b)
Start importing Assets/Scenes/Level_1_1.unity using Guid(dcf3aa688fdad5f4a92611430385ebd8) Importer(815301076,1909f56bfc062723c751e8b465ee728b)  -> (artifact id: 'e81f99d87ac3c8737b876a5d30579778') in 0.042848 seconds
  Import took 0.057426 seconds .

========================================================================
Received Prepare
Registering precompiled user dll's ...
Registered in 0.003597 seconds.
Begin MonoManager ReloadAssembly
Native extension for WindowsStandalone target not found
Refreshing native plugins compatible for Editor in 1.10 ms, found 1 plugins.
Preloading 0 native plugins for Editor in 0.00 ms.
Invoked RoslynAnalysisRunner static constructor.
RoslynAnalysisRunner will not be running.
RoslynAnalysisRunner has terminated.
Mono: successfully reloaded assembly
- Completed reload, in  1.600 seconds
Platform modules already initialized, skipping
Shader 'Universal Render Pipeline/Particles/Lit': fallback shader 'Universal Render Pipeline/Particles/SimpleLit' not found
Refreshing native plugins compatible for Editor in 1.36 ms, found 1 plugins.
Preloading 0 native plugins for Editor in 0.00 ms.
Unloading 3940 Unused Serialized files (Serialized files now loaded: 0)
System memory in use before: 254.6 MB.
System memory in use after: 254.8 MB.

Unloading 11 unused Assets to reduce memory usage. Loaded Objects now: 4665.
Total: 8.162200 ms (FindLiveObjects: 0.939200 ms CreateObjectMapping: 0.734500 ms MarkObjects: 6.272600 ms  DeleteObjects: 0.213000 ms)

AssetImportParameters requested are different than current active one (requested -> active):
  graphicsApiMask: 131076 -> 4
========================================================================
Received Import Request.
  Time since last request: 181.571617 seconds.
  path: Assets/Prefabs/TrapPrefab/Trap.prefab
  artifactKey: Guid(c8e29d5ecadd3a34daefb40ecae81b39) Importer(815301076,1909f56bfc062723c751e8b465ee728b)
Start importing Assets/Prefabs/TrapPrefab/Trap.prefab using Guid(c8e29d5ecadd3a34daefb40ecae81b39) Importer(815301076,1909f56bfc062723c751e8b465ee728b)  -> (artifact id: '5e401ce7ed7d657d5ef18f325cf68bac') in 0.374644 seconds
  Import took 0.389597 seconds .

========================================================================
Received Import Request.
  Time since last request: 0.000222 seconds.
  path: Assets/Prefabs/TrapPrefab/LaserTrap Variant.prefab
  artifactKey: Guid(943e703038f968f42aff87ca6ffb4123) Importer(815301076,1909f56bfc062723c751e8b465ee728b)
Start importing Assets/Prefabs/TrapPrefab/LaserTrap Variant.prefab using Guid(943e703038f968f42aff87ca6ffb4123) Importer(815301076,1909f56bfc062723c751e8b465ee728b)  -> (artifact id: 'e98fb2bf4cebd9ae51bba516814e2262') in 0.079977 seconds
  Import took 0.092303 seconds .

========================================================================
Received Import Request.
  Time since last request: 0.000202 seconds.
  path: Assets/Prefabs/TrapPrefab/TrapBlade.prefab
  artifactKey: Guid(b9ca6fa524f192947872f2a50d94c786) Importer(815301076,1909f56bfc062723c751e8b465ee728b)
Start importing Assets/Prefabs/TrapPrefab/TrapBlade.prefab using Guid(b9ca6fa524f192947872f2a50d94c786) Importer(815301076,1909f56bfc062723c751e8b465ee728b)  -> (artifact id: '0062b3caa243ec607d7900bebb011a3a') in 0.033389 seconds
  Import took 0.044183 seconds .

========================================================================
Received Import Request.
  Time since last request: 0.000243 seconds.
  path: Assets/Prefabs/TrapPrefab/LaserTrap.prefab
  artifactKey: Guid(e1eb75aa4bb34124aacc4cc54127c96c) Importer(815301076,1909f56bfc062723c751e8b465ee728b)
Start importing Assets/Prefabs/TrapPrefab/LaserTrap.prefab using Guid(e1eb75aa4bb34124aacc4cc54127c96c) Importer(815301076,1909f56bfc062723c751e8b465ee728b)  -> (artifact id: '6ce8afa1e44c64c386fc0090e80fbaab') in 0.040366 seconds
  Import took 0.055475 seconds .

========================================================================
Received Prepare
Registering precompiled user dll's ...
Registered in 0.002652 seconds.
Begin MonoManager ReloadAssembly
Native extension for WindowsStandalone target not found
Refreshing native plugins compatible for Editor in 0.97 ms, found 1 plugins.
Preloading 0 native plugins for Editor in 0.00 ms.
Invoked RoslynAnalysisRunner static constructor.
RoslynAnalysisRunner will not be running.
RoslynAnalysisRunner has terminated.
Mono: successfully reloaded assembly
- Completed reload, in  1.319 seconds
Platform modules already initialized, skipping
Shader 'Universal Render Pipeline/Particles/Lit': fallback shader 'Universal Render Pipeline/Particles/SimpleLit' not found
Refreshing native plugins compatible for Editor in 1.43 ms, found 1 plugins.
Preloading 0 native plugins for Editor in 0.00 ms.
Unloading 3940 Unused Serialized files (Serialized files now loaded: 0)
System memory in use before: 260.0 MB.
System memory in use after: 260.2 MB.

Unloading 11 unused Assets to reduce memory usage. Loaded Objects now: 4714.
Total: 5.412400 ms (FindLiveObjects: 0.543500 ms CreateObjectMapping: 0.309100 ms MarkObjects: 4.361100 ms  DeleteObjects: 0.195600 ms)

AssetImportParameters requested are different than current active one (requested -> active):
  graphicsApiMask: 131076 -> 4
========================================================================
Received Import Request.
  Time since last request: 941.396135 seconds.
  path: Assets/Sounds/Scifi Guns SFX Pack/Gun1.wav
  artifactKey: Guid(a28f97506cbe82d479cd46f40fa6efe0) Importer(815301076,1909f56bfc062723c751e8b465ee728b)
Start importing Assets/Sounds/Scifi Guns SFX Pack/Gun1.wav using Guid(a28f97506cbe82d479cd46f40fa6efe0) Importer(815301076,1909f56bfc062723c751e8b465ee728b)  -> (artifact id: '5407d6a9fbd46e4d58fdbe6e51aef8e3') in 0.256526 seconds
  Import took 0.274162 seconds .

========================================================================
Received Import Request.
  Time since last request: 0.000168 seconds.
  path: Assets/Sounds/Scifi Guns SFX Pack/Gun2_1.wav
  artifactKey: Guid(92d35fe1c59bbd14eaee9e3d3b54cea7) Importer(815301076,1909f56bfc062723c751e8b465ee728b)
Start importing Assets/Sounds/Scifi Guns SFX Pack/Gun2_1.wav using Guid(92d35fe1c59bbd14eaee9e3d3b54cea7) Importer(815301076,1909f56bfc062723c751e8b465ee728b)  -> (artifact id: '9dabe3872d507a65a9a98037502ad2e8') in 0.025316 seconds
  Import took 0.033546 seconds .

========================================================================
Received Import Request.
  Time since last request: 0.000189 seconds.
  path: Assets/Sounds/Scifi Guns SFX Pack/Gun1_Load.wav
  artifactKey: Guid(6a32a0d49cd240b4cb9934adf37a49a5) Importer(815301076,1909f56bfc062723c751e8b465ee728b)
Start importing Assets/Sounds/Scifi Guns SFX Pack/Gun1_Load.wav using Guid(6a32a0d49cd240b4cb9934adf37a49a5) Importer(815301076,1909f56bfc062723c751e8b465ee728b)  -> (artifact id: '47067faab877b80523414f8422206e07') in 0.026733 seconds
  Import took 0.036057 seconds .

========================================================================
Received Import Request.
  Time since last request: 0.000251 seconds.
  path: Assets/Weapons/Sci Fi Gun Light/_prefabs/GunLight/SciFiGunLightBlue.prefab
  artifactKey: Guid(3c81b162a1af44348b8994f7040514d4) Importer(815301076,1909f56bfc062723c751e8b465ee728b)
Start importing Assets/Weapons/Sci Fi Gun Light/_prefabs/GunLight/SciFiGunLightBlue.prefab using Guid(3c81b162a1af44348b8994f7040514d4) Importer(815301076,1909f56bfc062723c751e8b465ee728b)  -> (artifact id: 'ae5f9d970984767707e870af7f70d83b') in 0.222474 seconds
  Import took 0.231447 seconds .

========================================================================
Received Import Request.
  Time since last request: 0.000262 seconds.
  path: Assets/Weapons/Sci Fi Gun Light/_materials/GunTwo/GunTwoBlack.mat
  artifactKey: Guid(a501bb00c34251540a7cffaba4f07182) Importer(815301076,1909f56bfc062723c751e8b465ee728b)
Start importing Assets/Weapons/Sci Fi Gun Light/_materials/GunTwo/GunTwoBlack.mat using Guid(a501bb00c34251540a7cffaba4f07182) Importer(815301076,1909f56bfc062723c751e8b465ee728b)  -> (artifact id: '992372edaf628dc7e741622e68875217') in 0.117756 seconds
  Import took 0.126582 seconds .

========================================================================
Received Import Request.
  Time since last request: 0.000292 seconds.
  path: Assets/Sounds/Scifi Guns SFX Pack/Gun4_load.wav
  artifactKey: Guid(1e01a3eff9609af4a91cea332a46838e) Importer(815301076,1909f56bfc062723c751e8b465ee728b)
Start importing Assets/Sounds/Scifi Guns SFX Pack/Gun4_load.wav using Guid(1e01a3eff9609af4a91cea332a46838e) Importer(815301076,1909f56bfc062723c751e8b465ee728b)  -> (artifact id: '36c4d427d9b6524f71eec50ad4f65a32') in 0.028523 seconds
  Import took 0.037448 seconds .

========================================================================
Received Import Request.
  Time since last request: 0.000224 seconds.
  path: Assets/Weapons/Sci Fi Gun Light/_materials/GunTwo/GunTwoYellow.mat
  artifactKey: Guid(cbf658ed14edc5a4987f28f0eb9160ae) Importer(815301076,1909f56bfc062723c751e8b465ee728b)
Start importing Assets/Weapons/Sci Fi Gun Light/_materials/GunTwo/GunTwoYellow.mat using Guid(cbf658ed14edc5a4987f28f0eb9160ae) Importer(815301076,1909f56bfc062723c751e8b465ee728b)  -> (artifact id: '332c131c895bba7d54789dbc494ce0e5') in 0.418293 seconds
  Import took 0.429804 seconds .

========================================================================
Received Import Request.
  Time since last request: 0.000286 seconds.
  path: Assets/Sounds/Scifi Guns SFX Pack/Gun3_4.wav
  artifactKey: Guid(7e950513b9c6d734e8130770598861f3) Importer(815301076,1909f56bfc062723c751e8b465ee728b)
Start importing Assets/Sounds/Scifi Guns SFX Pack/Gun3_4.wav using Guid(7e950513b9c6d734e8130770598861f3) Importer(815301076,1909f56bfc062723c751e8b465ee728b)  -> (artifact id: '0d99e445d6854f19ea1b1be16620e616') in 0.022915 seconds
  Import took 0.031635 seconds .

========================================================================
Received Import Request.
  Time since last request: 0.000213 seconds.
  path: Assets/Sounds/Scifi Guns SFX Pack/Gun1_1.wav
  artifactKey: Guid(08f78eba48bb21c44ac5a74ca84efc83) Importer(815301076,1909f56bfc062723c751e8b465ee728b)
Start importing Assets/Sounds/Scifi Guns SFX Pack/Gun1_1.wav using Guid(08f78eba48bb21c44ac5a74ca84efc83) Importer(815301076,1909f56bfc062723c751e8b465ee728b)  -> (artifact id: '2b2aeaf73457ae4b5e40bdc926ec15f9') in 0.028587 seconds
  Import took 0.038476 seconds .

========================================================================
Received Import Request.
  Time since last request: 0.000227 seconds.
  path: Assets/Sounds/Scifi Guns SFX Pack/Gun4.wav
  artifactKey: Guid(ce481c9d63517a144b80f3453355b531) Importer(815301076,1909f56bfc062723c751e8b465ee728b)
Start importing Assets/Sounds/Scifi Guns SFX Pack/Gun4.wav using Guid(ce481c9d63517a144b80f3453355b531) Importer(815301076,1909f56bfc062723c751e8b465ee728b)  -> (artifact id: '39388a5b0161cd509d66c07c34a9c3f0') in 0.031534 seconds
  Import took 0.045522 seconds .

========================================================================
Received Import Request.
  Time since last request: 0.000237 seconds.
  path: Assets/Sounds/Scifi Guns SFX Pack/Gun2.wav
  artifactKey: Guid(db25ee1f2a6c3b34daaf79f8eb52fbab) Importer(815301076,1909f56bfc062723c751e8b465ee728b)
Start importing Assets/Sounds/Scifi Guns SFX Pack/Gun2.wav using Guid(db25ee1f2a6c3b34daaf79f8eb52fbab) Importer(815301076,1909f56bfc062723c751e8b465ee728b)  -> (artifact id: 'be26f0bd52a2da9d2a8a580fa1514179') in 0.029042 seconds
  Import took 0.038567 seconds .

========================================================================
Received Import Request.
  Time since last request: 0.000241 seconds.
  path: Assets/Sounds/Scifi Guns SFX Pack/Gun2_2.wav
  artifactKey: Guid(5207b2a445fcb144281ab5395fe95c1d) Importer(815301076,1909f56bfc062723c751e8b465ee728b)
Start importing Assets/Sounds/Scifi Guns SFX Pack/Gun2_2.wav using Guid(5207b2a445fcb144281ab5395fe95c1d) Importer(815301076,1909f56bfc062723c751e8b465ee728b)  -> (artifact id: '5ee61f4ad7941f70487b378d5a1a6aa5') in 0.027273 seconds
  Import took 0.036958 seconds .

========================================================================
Received Import Request.
  Time since last request: 0.000241 seconds.
  path: Assets/Weapons/Sci Fi Gun Light/_materials/GunTwo/GunTwoBlue.mat
  artifactKey: Guid(5c7176cef124e1a4793b448ed91b74e1) Importer(815301076,1909f56bfc062723c751e8b465ee728b)
Start importing Assets/Weapons/Sci Fi Gun Light/_materials/GunTwo/GunTwoBlue.mat using Guid(5c7176cef124e1a4793b448ed91b74e1) Importer(815301076,1909f56bfc062723c751e8b465ee728b)  -> (artifact id: '62f11b0587f1dcd8004dad95c72f1323') in 0.060657 seconds
  Import took 0.074636 seconds .

========================================================================
Received Import Request.
  Time since last request: 0.000270 seconds.
  path: Assets/Sounds/Scifi Guns SFX Pack/Gun2_load.wav
  artifactKey: Guid(2868e580baee45d449931dc35a5ace81) Importer(815301076,1909f56bfc062723c751e8b465ee728b)
Start importing Assets/Sounds/Scifi Guns SFX Pack/Gun2_load.wav using Guid(2868e580baee45d449931dc35a5ace81) Importer(815301076,1909f56bfc062723c751e8b465ee728b)  -> (artifact id: '28621f6d5b821c4d441eb78c4e08384d') in 0.040707 seconds
  Import took 0.051422 seconds .

========================================================================
Received Import Request.
  Time since last request: 0.000307 seconds.
  path: Assets/Sounds/Scifi Guns SFX Pack/Gun4_2.wav
  artifactKey: Guid(b9bcff787e03ea4448419527c126e177) Importer(815301076,1909f56bfc062723c751e8b465ee728b)
Start importing Assets/Sounds/Scifi Guns SFX Pack/Gun4_2.wav using Guid(b9bcff787e03ea4448419527c126e177) Importer(815301076,1909f56bfc062723c751e8b465ee728b)  -> (artifact id: 'f4b324784d3fe4a018e459e24448c86a') in 0.030796 seconds
  Import took 0.039982 seconds .

========================================================================
Received Import Request.
  Time since last request: 0.000244 seconds.
  path: Assets/Sounds/Scifi Guns SFX Pack/Gun4_3.wav
  artifactKey: Guid(b39ec697f76aec04fb8081c0c4f6dbae) Importer(815301076,1909f56bfc062723c751e8b465ee728b)
Start importing Assets/Sounds/Scifi Guns SFX Pack/Gun4_3.wav using Guid(b39ec697f76aec04fb8081c0c4f6dbae) Importer(815301076,1909f56bfc062723c751e8b465ee728b)  -> (artifact id: 'a664c1b7501e4044927dbb076a84765a') in 0.029005 seconds
  Import took 0.041043 seconds .

========================================================================
Received Import Request.
  Time since last request: 0.000325 seconds.
  path: Assets/Sounds/Scifi Guns SFX Pack/Gun3_1.wav
  artifactKey: Guid(947719fd38845824ba3638af9d8e4e54) Importer(815301076,1909f56bfc062723c751e8b465ee728b)
Start importing Assets/Sounds/Scifi Guns SFX Pack/Gun3_1.wav using Guid(947719fd38845824ba3638af9d8e4e54) Importer(815301076,1909f56bfc062723c751e8b465ee728b)  -> (artifact id: '5b118f25e091c375521230df2060399b') in 0.021979 seconds
  Import took 0.033443 seconds .

========================================================================
Received Import Request.
  Time since last request: 0.000255 seconds.
  path: Assets/Sounds/Scifi Guns SFX Pack/Gun1_2.wav
  artifactKey: Guid(3dc7b4438e9f788479f2eba0e75191b1) Importer(815301076,1909f56bfc062723c751e8b465ee728b)
Start importing Assets/Sounds/Scifi Guns SFX Pack/Gun1_2.wav using Guid(3dc7b4438e9f788479f2eba0e75191b1) Importer(815301076,1909f56bfc062723c751e8b465ee728b)  -> (artifact id: '4c0b08e0b59a2ebc6d404bb62ca6e719') in 0.035062 seconds
  Import took 0.050215 seconds .

========================================================================
Received Import Request.
  Time since last request: 0.000360 seconds.
  path: Assets/Sounds/Scifi Guns SFX Pack/Gun3_3.wav
  artifactKey: Guid(97b5820b1e079ab4bbbe90e89bd4db5d) Importer(815301076,1909f56bfc062723c751e8b465ee728b)
Start importing Assets/Sounds/Scifi Guns SFX Pack/Gun3_3.wav using Guid(97b5820b1e079ab4bbbe90e89bd4db5d) Importer(815301076,1909f56bfc062723c751e8b465ee728b)  -> (artifact id: 'd8b51e6e792bb969e049a4ed7ef0b4b2') in 0.032385 seconds
  Import took 0.045262 seconds .

========================================================================
Received Import Request.
  Time since last request: 0.000467 seconds.
  path: Assets/Weapons/Sci Fi Gun Light/_textures/GunTwo/GunTwo_Emission1.png
  artifactKey: Guid(b199bdf781c163b469823a86f9204ac9) Importer(815301076,1909f56bfc062723c751e8b465ee728b)
Start importing Assets/Weapons/Sci Fi Gun Light/_textures/GunTwo/GunTwo_Emission1.png using Guid(b199bdf781c163b469823a86f9204ac9) Importer(815301076,1909f56bfc062723c751e8b465ee728b)  -> (artifact id: 'f61ecb4d865ad80d1d8891707cb97c56') in 0.040829 seconds
  Import took 0.052326 seconds .

========================================================================
Received Import Request.
  Time since last request: 0.000227 seconds.
  path: Assets/Sounds/Scifi Guns SFX Pack/Gun3_load.wav
  artifactKey: Guid(8f268095f67575b44b10ea19a4482b2c) Importer(815301076,1909f56bfc062723c751e8b465ee728b)
Start importing Assets/Sounds/Scifi Guns SFX Pack/Gun3_load.wav using Guid(8f268095f67575b44b10ea19a4482b2c) Importer(815301076,1909f56bfc062723c751e8b465ee728b)  -> (artifact id: '5f64776d946a9bc7efd033ada6dd880c') in 0.026457 seconds
  Import took 0.035198 seconds .

========================================================================
Received Import Request.
  Time since last request: 0.000297 seconds.
  path: Assets/Weapons/Sci Fi Gun Light/_textures/GunTwo/GunTwo_Emission2.png
  artifactKey: Guid(64860141afa10c84780f3416e43c23e4) Importer(815301076,1909f56bfc062723c751e8b465ee728b)
Start importing Assets/Weapons/Sci Fi Gun Light/_textures/GunTwo/GunTwo_Emission2.png using Guid(64860141afa10c84780f3416e43c23e4) Importer(815301076,1909f56bfc062723c751e8b465ee728b)  -> (artifact id: '58dca5e80ae29679fc55746c8035b180') in 0.023546 seconds
  Import took 0.032664 seconds .

========================================================================
Received Import Request.
  Time since last request: 0.000324 seconds.
  path: Assets/Weapons/Sci Fi Gun Light/_materials/GunTwo/GunTwoRad.mat
  artifactKey: Guid(9cadc8c5021163743861056c6e0fb83a) Importer(815301076,1909f56bfc062723c751e8b465ee728b)
Start importing Assets/Weapons/Sci Fi Gun Light/_materials/GunTwo/GunTwoRad.mat using Guid(9cadc8c5021163743861056c6e0fb83a) Importer(815301076,1909f56bfc062723c751e8b465ee728b)  -> (artifact id: '8f9b97ef70f6ec9f03c6cc805a9412a8') in 0.099142 seconds
  Import took 0.112216 seconds .

========================================================================
Received Import Request.
  Time since last request: 0.000404 seconds.
  path: Assets/Sounds/Scifi Guns SFX Pack/Gun1_3.wav
  artifactKey: Guid(e196615aab553a14ab4e1aeb462c195c) Importer(815301076,1909f56bfc062723c751e8b465ee728b)
Start importing Assets/Sounds/Scifi Guns SFX Pack/Gun1_3.wav using Guid(e196615aab553a14ab4e1aeb462c195c) Importer(815301076,1909f56bfc062723c751e8b465ee728b)  -> (artifact id: '80c67a44bf14fabab1ce8e23723ee444') in 0.032404 seconds
  Import took 0.042556 seconds .

========================================================================
Received Import Request.
  Time since last request: 0.000303 seconds.
  path: Assets/Sounds/Scifi Guns SFX Pack/Gun3.wav
  artifactKey: Guid(9db176e1ad4d89647a0bbcbd8b28693b) Importer(815301076,1909f56bfc062723c751e8b465ee728b)
Start importing Assets/Sounds/Scifi Guns SFX Pack/Gun3.wav using Guid(9db176e1ad4d89647a0bbcbd8b28693b) Importer(815301076,1909f56bfc062723c751e8b465ee728b)  -> (artifact id: 'ec3a7846445f6d79169268e5d4805d0b') in 0.030977 seconds
  Import took 0.042864 seconds .

========================================================================
Received Import Request.
  Time since last request: 0.000328 seconds.
  path: Assets/Sounds/Scifi Guns SFX Pack/Gun2_3.wav
  artifactKey: Guid(1e940d15337ad1e43b0cc1b2430d7c06) Importer(815301076,1909f56bfc062723c751e8b465ee728b)
Start importing Assets/Sounds/Scifi Guns SFX Pack/Gun2_3.wav using Guid(1e940d15337ad1e43b0cc1b2430d7c06) Importer(815301076,1909f56bfc062723c751e8b465ee728b)  -> (artifact id: 'cbc0a4c4c0524d380cedc43aea4d410b') in 0.034548 seconds
  Import took 0.050334 seconds .

========================================================================
Received Import Request.
  Time since last request: 0.000291 seconds.
  path: Assets/Weapons/Sci Fi Gun Light/_prefabs/GunLight/SciFiGunLightBlack.prefab
  artifactKey: Guid(a4e476a037022df448ead5d0ceea7d06) Importer(815301076,1909f56bfc062723c751e8b465ee728b)
Start importing Assets/Weapons/Sci Fi Gun Light/_prefabs/GunLight/SciFiGunLightBlack.prefab using Guid(a4e476a037022df448ead5d0ceea7d06) Importer(815301076,1909f56bfc062723c751e8b465ee728b)  -> (artifact id: '37b3d0c030db9e725bea1dcdac2029b2') in 0.060348 seconds
  Import took 0.074683 seconds .

========================================================================
Received Import Request.
  Time since last request: 0.000303 seconds.
  path: Assets/Weapons/Sci Fi Gun Light/_textures/GunTwo/GunTwo_Normal.png
  artifactKey: Guid(ccc8c4c4e95fdcc4c9ae6aae9295360f) Importer(815301076,1909f56bfc062723c751e8b465ee728b)
Start importing Assets/Weapons/Sci Fi Gun Light/_textures/GunTwo/GunTwo_Normal.png using Guid(ccc8c4c4e95fdcc4c9ae6aae9295360f) Importer(815301076,1909f56bfc062723c751e8b465ee728b)  -> (artifact id: 'd1de93a032886068ba1845a37241988e') in 0.026704 seconds
  Import took 0.041904 seconds .

========================================================================
Received Import Request.
  Time since last request: 0.000403 seconds.
  path: Assets/Sounds/Scifi Guns SFX Pack/Gun1_4.wav
  artifactKey: Guid(159aa6b3153429349b06479ba4bcb8fc) Importer(815301076,1909f56bfc062723c751e8b465ee728b)
Start importing Assets/Sounds/Scifi Guns SFX Pack/Gun1_4.wav using Guid(159aa6b3153429349b06479ba4bcb8fc) Importer(815301076,1909f56bfc062723c751e8b465ee728b)  -> (artifact id: '1eac79f210d6ef25cc793f974dfceaa4') in 0.047974 seconds
  Import took 0.064447 seconds .

========================================================================
Received Import Request.
  Time since last request: 0.000263 seconds.
  path: Assets/Sounds/Scifi Guns SFX Pack/Gun3_2.wav
  artifactKey: Guid(ee4ef2f8f89f0834d8c92266456d0922) Importer(815301076,1909f56bfc062723c751e8b465ee728b)
Start importing Assets/Sounds/Scifi Guns SFX Pack/Gun3_2.wav using Guid(ee4ef2f8f89f0834d8c92266456d0922) Importer(815301076,1909f56bfc062723c751e8b465ee728b)  -> (artifact id: '3b97259d109f86e77bd6ae53d79d41e6') in 0.049671 seconds
  Import took 0.064942 seconds .

========================================================================
Received Import Request.
  Time since last request: 0.000264 seconds.
  path: Assets/Sounds/Scifi Guns SFX Pack/Gun2_4.wav
  artifactKey: Guid(70c97e425596b8142b7b9163256c0868) Importer(815301076,1909f56bfc062723c751e8b465ee728b)
Start importing Assets/Sounds/Scifi Guns SFX Pack/Gun2_4.wav using Guid(70c97e425596b8142b7b9163256c0868) Importer(815301076,1909f56bfc062723c751e8b465ee728b)  -> (artifact id: 'a564daad4c80efe4934cf52daf6ab615') in 0.032789 seconds
  Import took 0.042827 seconds .

========================================================================
Received Import Request.
  Time since last request: 0.000449 seconds.
  path: Assets/Weapons/Sci Fi Gun Light/_materials/GunTwo/GunTwoWhite.mat
  artifactKey: Guid(f59d38d7fdabd3048a6eec44cfa5365f) Importer(815301076,1909f56bfc062723c751e8b465ee728b)
Start importing Assets/Weapons/Sci Fi Gun Light/_materials/GunTwo/GunTwoWhite.mat using Guid(f59d38d7fdabd3048a6eec44cfa5365f) Importer(815301076,1909f56bfc062723c751e8b465ee728b)  -> (artifact id: '8200d2c636236eb32eacdf833450b3fe') in 0.053752 seconds
  Import took 0.068049 seconds .

========================================================================
Received Import Request.
  Time since last request: 0.000358 seconds.
  path: Assets/Prefabs/WeaponPrefabs/SciFiGunLightBlue.prefab
  artifactKey: Guid(610fc2f5c6848e540a375bfef5b4d623) Importer(815301076,1909f56bfc062723c751e8b465ee728b)
Start importing Assets/Prefabs/WeaponPrefabs/SciFiGunLightBlue.prefab using Guid(610fc2f5c6848e540a375bfef5b4d623) Importer(815301076,1909f56bfc062723c751e8b465ee728b)  -> (artifact id: 'dc86d4ba723ece572c6fcab940342d5a') in 0.103945 seconds
  Import took 0.118008 seconds .

========================================================================
Received Import Request.
  Time since last request: 0.000299 seconds.
  path: Assets/Sounds/Scifi Guns SFX Pack/Gun4_1.wav
  artifactKey: Guid(7b889162724f05c4f95da46adbd50ef7) Importer(815301076,1909f56bfc062723c751e8b465ee728b)
Start importing Assets/Sounds/Scifi Guns SFX Pack/Gun4_1.wav using Guid(7b889162724f05c4f95da46adbd50ef7) Importer(815301076,1909f56bfc062723c751e8b465ee728b)  -> (artifact id: '912a25b84f63a22b49de84f6c19cafc3') in 0.032439 seconds
  Import took 0.042276 seconds .

========================================================================
Received Import Request.
  Time since last request: 0.000219 seconds.
  path: Assets/Sounds/Scifi Guns SFX Pack/Gun4_4.wav
  artifactKey: Guid(6c641842185384646b603322cc7e7559) Importer(815301076,1909f56bfc062723c751e8b465ee728b)
Start importing Assets/Sounds/Scifi Guns SFX Pack/Gun4_4.wav using Guid(6c641842185384646b603322cc7e7559) Importer(815301076,1909f56bfc062723c751e8b465ee728b)  -> (artifact id: '081744733a8b8fa0f70bf31381666a19') in 0.030041 seconds
  Import took 0.045284 seconds .

========================================================================
Received Import Request.
  Time since last request: 12.476138 seconds.
  path: Assets/Prefabs/EnemySample.prefab
  artifactKey: Guid(0d389fe2b95fd734697dcf4cd8fa2952) Importer(815301076,1909f56bfc062723c751e8b465ee728b)
Start importing Assets/Prefabs/EnemySample.prefab using Guid(0d389fe2b95fd734697dcf4cd8fa2952) Importer(815301076,1909f56bfc062723c751e8b465ee728b)  -> (artifact id: 'd037f6279f9056da1461fd5911977a4f') in 0.069487 seconds
  Import took 0.084795 seconds .

========================================================================
Received Import Request.
  Time since last request: 28.060303 seconds.
  path: Assets/Prefabs/SessionControllerPrefab/SessionController.prefab
  artifactKey: Guid(02ca5ac972dd817429684f46d6547921) Importer(815301076,1909f56bfc062723c751e8b465ee728b)
Start importing Assets/Prefabs/SessionControllerPrefab/SessionController.prefab using Guid(02ca5ac972dd817429684f46d6547921) Importer(815301076,1909f56bfc062723c751e8b465ee728b)  -> (artifact id: '8f3811be6bdf38e3bbe84c87c0fc5651') in 0.048552 seconds
  Import took 0.080168 seconds .

========================================================================
Received Import Request.
  Time since last request: 1.436605 seconds.
  path: Assets/Prefabs/PlayerPrefab/Astronauta 2.prefab
  artifactKey: Guid(658cff369a96e824b8daa1347b5e2bda) Importer(815301076,1909f56bfc062723c751e8b465ee728b)
Start importing Assets/Prefabs/PlayerPrefab/Astronauta 2.prefab using Guid(658cff369a96e824b8daa1347b5e2bda) Importer(815301076,1909f56bfc062723c751e8b465ee728b)  -> (artifact id: '4cadd8f31ad6f55c4d012c95a2328ba8') in 0.424595 seconds
  Import took 0.448757 seconds .

========================================================================
Received Import Request.
  Time since last request: 0.464129 seconds.
  path: Assets/Prefabs/ObjectsPrefab/Key.prefab
  artifactKey: Guid(7e35ab1addd0c71418627b1bc4a5d76a) Importer(815301076,1909f56bfc062723c751e8b465ee728b)
Start importing Assets/Prefabs/ObjectsPrefab/Key.prefab using Guid(7e35ab1addd0c71418627b1bc4a5d76a) Importer(815301076,1909f56bfc062723c751e8b465ee728b)  -> (artifact id: '11fe37d52dae1e34ef33ceb459bff492') in 0.069060 seconds
  Import took 0.079001 seconds .

========================================================================
Received Import Request.
  Time since last request: 0.000298 seconds.
  path: Assets/Prefabs/ObjectsPrefab/PirateHelm.prefab
  artifactKey: Guid(21e6e400eb325764e825bf8c433650f6) Importer(815301076,1909f56bfc062723c751e8b465ee728b)
Start importing Assets/Prefabs/ObjectsPrefab/PirateHelm.prefab using Guid(21e6e400eb325764e825bf8c433650f6) Importer(815301076,1909f56bfc062723c751e8b465ee728b)  -> (artifact id: '4c30826e5426ab780fa4e18971d21d2c') in 0.022709 seconds
  Import took 0.036339 seconds .

========================================================================
Received Import Request.
  Time since last request: 0.000294 seconds.
  path: Assets/Prefabs/ObjectsPrefab/Pirate_Skull_low_Pirate_Skull_T_BaseColor..png
  artifactKey: Guid(fd5bb008287b5354f9b4724cf26c0843) Importer(815301076,1909f56bfc062723c751e8b465ee728b)
Start importing Assets/Prefabs/ObjectsPrefab/Pirate_Skull_low_Pirate_Skull_T_BaseColor..png using Guid(fd5bb008287b5354f9b4724cf26c0843) Importer(815301076,1909f56bfc062723c751e8b465ee728b)  -> (artifact id: 'd8b5881b0370a3271a6993ac3f09a7e7') in 0.051736 seconds
  Import took 0.068689 seconds .

========================================================================
Received Import Request.
  Time since last request: 0.000322 seconds.
  path: Assets/Prefabs/ObjectsPrefab/Pirate_Skull_low_Pirate_Skull_T_normal_dx..png
  artifactKey: Guid(1bcc7332ab6aee1488970931c47df322) Importer(815301076,1909f56bfc062723c751e8b465ee728b)
Start importing Assets/Prefabs/ObjectsPrefab/Pirate_Skull_low_Pirate_Skull_T_normal_dx..png using Guid(1bcc7332ab6aee1488970931c47df322) Importer(815301076,1909f56bfc062723c751e8b465ee728b)  -> (artifact id: '36816e33928dc8f51c4a1f71b5f4ec86') in 0.084741 seconds
  Import took 0.095550 seconds .

========================================================================
Received Import Request.
  Time since last request: 0.000357 seconds.
  path: Assets/Prefabs/ObjectsPrefab/skullmaterial2.mat
  artifactKey: Guid(8563498d15465434ea13f306465a414a) Importer(815301076,1909f56bfc062723c751e8b465ee728b)
Start importing Assets/Prefabs/ObjectsPrefab/skullmaterial2.mat using Guid(8563498d15465434ea13f306465a414a) Importer(815301076,1909f56bfc062723c751e8b465ee728b)  -> (artifact id: 'b4eb8446b10cd4aba46e216919df570a') in 0.042624 seconds
  Import took 0.060182 seconds .

========================================================================
Received Import Request.
  Time since last request: 0.000306 seconds.
  path: Assets/Prefabs/ObjectsPrefab/Pirate_Skull_Final.fbx
  artifactKey: Guid(210c29d715b222d42bdf2a240a9ad540) Importer(815301076,1909f56bfc062723c751e8b465ee728b)
Start importing Assets/Prefabs/ObjectsPrefab/Pirate_Skull_Final.fbx using Guid(210c29d715b222d42bdf2a240a9ad540) Importer(815301076,1909f56bfc062723c751e8b465ee728b)  -> (artifact id: '96e31e988646e9de3248c6020bacaaa2') in 0.199047 seconds
  Import took 0.216751 seconds .

========================================================================
Received Import Request.
  Time since last request: 0.000307 seconds.
  path: Assets/Prefabs/ObjectsPrefab/skullmaterial.mat
  artifactKey: Guid(f39d029b8e8493442b2d7e570c19d4b5) Importer(815301076,1909f56bfc062723c751e8b465ee728b)
Start importing Assets/Prefabs/ObjectsPrefab/skullmaterial.mat using Guid(f39d029b8e8493442b2d7e570c19d4b5) Importer(815301076,1909f56bfc062723c751e8b465ee728b)  -> (artifact id: '5d93fdb933598a0ac0c481c44a8e9683') in 0.035546 seconds
  Import took 0.047739 seconds .

========================================================================
Received Import Request.
  Time since last request: 0.000311 seconds.
  path: Assets/Prefabs/ObjectsPrefab/Telescope.prefab
  artifactKey: Guid(6b781e60f25160b4886df548c8197eb9) Importer(815301076,1909f56bfc062723c751e8b465ee728b)
Start importing Assets/Prefabs/ObjectsPrefab/Telescope.prefab using Guid(6b781e60f25160b4886df548c8197eb9) Importer(815301076,1909f56bfc062723c751e8b465ee728b)  -> (artifact id: 'ea1c9b2aed8db22551e2c94867de3f36') in 0.039434 seconds
  Import took 0.053882 seconds .

========================================================================
Received Import Request.
  Time since last request: 0.000312 seconds.
  path: Assets/Prefabs/ObjectsPrefab/Skull.prefab
  artifactKey: Guid(f64695cfe11bc6a4ea69421109235287) Importer(815301076,1909f56bfc062723c751e8b465ee728b)
Start importing Assets/Prefabs/ObjectsPrefab/Skull.prefab using Guid(f64695cfe11bc6a4ea69421109235287) Importer(815301076,1909f56bfc062723c751e8b465ee728b)  -> (artifact id: '6bc31b2c4ce434c27710a6646f6898e5') in 0.024286 seconds
  Import took 0.040246 seconds .

========================================================================
Received Import Request.
  Time since last request: 42.012234 seconds.
  path: Assets/Weapons/Sci Fi Gun Light/_prefabs/GunLight
  artifactKey: Guid(725e685d852ada3489cd8f7d9f441221) Importer(815301076,1909f56bfc062723c751e8b465ee728b)
Start importing Assets/Weapons/Sci Fi Gun Light/_prefabs/GunLight using Guid(725e685d852ada3489cd8f7d9f441221) Importer(815301076,1909f56bfc062723c751e8b465ee728b)  -> (artifact id: 'f1c845fa2ab96531dc8ef914e5bd9d10') in 0.035325 seconds
  Import took 0.080945 seconds .

========================================================================
Received Import Request.
  Time since last request: 0.686415 seconds.
  path: Assets/Weapons/Sci Fi Gun Light/_prefabs/GunLight/SciFiGunLightRad.prefab
  artifactKey: Guid(2c3055a11cb8f8540a181490a4c34b7c) Importer(815301076,1909f56bfc062723c751e8b465ee728b)
Start importing Assets/Weapons/Sci Fi Gun Light/_prefabs/GunLight/SciFiGunLightRad.prefab using Guid(2c3055a11cb8f8540a181490a4c34b7c) Importer(815301076,1909f56bfc062723c751e8b465ee728b)  -> (artifact id: '27439ce51f8552fcb78ab55318497f92') in 0.053457 seconds
  Import took 0.066484 seconds .

========================================================================
Received Import Request.
  Time since last request: 0.000241 seconds.
  path: Assets/Weapons/Sci Fi Gun Light/_prefabs/GunLight/SciFiGunLightWhite.prefab
  artifactKey: Guid(1d8e61deede12df46b37e582ad640c5c) Importer(815301076,1909f56bfc062723c751e8b465ee728b)
Start importing Assets/Weapons/Sci Fi Gun Light/_prefabs/GunLight/SciFiGunLightWhite.prefab using Guid(1d8e61deede12df46b37e582ad640c5c) Importer(815301076,1909f56bfc062723c751e8b465ee728b)  -> (artifact id: '16354a118033222bac748118807e5b5d') in 0.054496 seconds
  Import took 0.066244 seconds .

========================================================================
Received Import Request.
  Time since last request: 7.138130 seconds.
  path: Assets/Prefabs/WeaponPrefabs
  artifactKey: Guid(bc2304e29595ea34bb70f1f2b5c5ba03) Importer(815301076,1909f56bfc062723c751e8b465ee728b)
Start importing Assets/Prefabs/WeaponPrefabs using Guid(bc2304e29595ea34bb70f1f2b5c5ba03) Importer(815301076,1909f56bfc062723c751e8b465ee728b)  -> (artifact id: 'dad250fbb6d3e0d2d78808a24ebf0c7a') in 0.022870 seconds
  Import took 0.040938 seconds .

========================================================================
Received Prepare
Registering precompiled user dll's ...
Registered in 0.002396 seconds.
Begin MonoManager ReloadAssembly
Native extension for WindowsStandalone target not found
Refreshing native plugins compatible for Editor in 1.08 ms, found 1 plugins.
Preloading 0 native plugins for Editor in 0.00 ms.
Invoked RoslynAnalysisRunner static constructor.
RoslynAnalysisRunner will not be running.
RoslynAnalysisRunner has terminated.
Mono: successfully reloaded assembly
- Completed reload, in  1.590 seconds
Platform modules already initialized, skipping
Shader 'Universal Render Pipeline/Particles/Lit': fallback shader 'Universal Render Pipeline/Particles/SimpleLit' not found
Refreshing native plugins compatible for Editor in 1.42 ms, found 1 plugins.
Preloading 0 native plugins for Editor in 0.00 ms.
Unloading 3940 Unused Serialized files (Serialized files now loaded: 0)
System memory in use before: 261.5 MB.
System memory in use after: 261.7 MB.

Unloading 13 unused Assets to reduce memory usage. Loaded Objects now: 4797.
Total: 8.077400 ms (FindLiveObjects: 1.242000 ms CreateObjectMapping: 0.630600 ms MarkObjects: 6.000900 ms  DeleteObjects: 0.200800 ms)

AssetImportParameters requested are different than current active one (requested -> active):
  graphicsApiMask: 131076 -> 4
========================================================================
Received Prepare
Registering precompiled user dll's ...
Registered in 0.002317 seconds.
Begin MonoManager ReloadAssembly
Native extension for WindowsStandalone target not found
Refreshing native plugins compatible for Editor in 1.07 ms, found 1 plugins.
Preloading 0 native plugins for Editor in 0.00 ms.
Invoked RoslynAnalysisRunner static constructor.
RoslynAnalysisRunner will not be running.
RoslynAnalysisRunner has terminated.
Mono: successfully reloaded assembly
- Completed reload, in  1.414 seconds
Platform modules already initialized, skipping
Shader 'Universal Render Pipeline/Particles/Lit': fallback shader 'Universal Render Pipeline/Particles/SimpleLit' not found
Refreshing native plugins compatible for Editor in 1.09 ms, found 1 plugins.
Preloading 0 native plugins for Editor in 0.00 ms.
Unloading 3940 Unused Serialized files (Serialized files now loaded: 0)
System memory in use before: 261.6 MB.
System memory in use after: 261.8 MB.

Unloading 11 unused Assets to reduce memory usage. Loaded Objects now: 4800.
Total: 6.782700 ms (FindLiveObjects: 0.941300 ms CreateObjectMapping: 0.663900 ms MarkObjects: 4.984100 ms  DeleteObjects: 0.192000 ms)

AssetImportParameters requested are different than current active one (requested -> active):
  graphicsApiMask: 131076 -> 4
========================================================================
Received Prepare
Registering precompiled user dll's ...
Registered in 0.004647 seconds.
Begin MonoManager ReloadAssembly
Native extension for WindowsStandalone target not found
Refreshing native plugins compatible for Editor in 1.06 ms, found 1 plugins.
Preloading 0 native plugins for Editor in 0.00 ms.
Invoked RoslynAnalysisRunner static constructor.
RoslynAnalysisRunner will not be running.
RoslynAnalysisRunner has terminated.
Mono: successfully reloaded assembly
- Completed reload, in  1.987 seconds
Platform modules already initialized, skipping
Shader 'Universal Render Pipeline/Particles/Lit': fallback shader 'Universal Render Pipeline/Particles/SimpleLit' not found
Refreshing native plugins compatible for Editor in 1.51 ms, found 1 plugins.
Preloading 0 native plugins for Editor in 0.00 ms.
Unloading 3940 Unused Serialized files (Serialized files now loaded: 0)
System memory in use before: 261.6 MB.
System memory in use after: 261.8 MB.

Unloading 11 unused Assets to reduce memory usage. Loaded Objects now: 4803.
Total: 6.545600 ms (FindLiveObjects: 0.908300 ms CreateObjectMapping: 0.455500 ms MarkObjects: 4.962900 ms  DeleteObjects: 0.216500 ms)

AssetImportParameters requested are different than current active one (requested -> active):
  graphicsApiMask: 131076 -> 4
========================================================================
Received Prepare
Registering precompiled user dll's ...
Registered in 0.003311 seconds.
Begin MonoManager ReloadAssembly
Native extension for WindowsStandalone target not found
Refreshing native plugins compatible for Editor in 2.45 ms, found 1 plugins.
Preloading 0 native plugins for Editor in 0.00 ms.
Invoked RoslynAnalysisRunner static constructor.
RoslynAnalysisRunner will not be running.
RoslynAnalysisRunner has terminated.
Mono: successfully reloaded assembly
- Completed reload, in  2.524 seconds
Platform modules already initialized, skipping
Shader 'Universal Render Pipeline/Particles/Lit': fallback shader 'Universal Render Pipeline/Particles/SimpleLit' not found
Refreshing native plugins compatible for Editor in 2.31 ms, found 1 plugins.
Preloading 0 native plugins for Editor in 0.00 ms.
Unloading 3940 Unused Serialized files (Serialized files now loaded: 0)
System memory in use before: 261.6 MB.
System memory in use after: 261.8 MB.

Unloading 11 unused Assets to reduce memory usage. Loaded Objects now: 4806.
Total: 9.013600 ms (FindLiveObjects: 2.364100 ms CreateObjectMapping: 1.321600 ms MarkObjects: 5.116700 ms  DeleteObjects: 0.208500 ms)

AssetImportParameters requested are different than current active one (requested -> active):
  graphicsApiMask: 131076 -> 4
========================================================================
Received Prepare
Registering precompiled user dll's ...
Registered in 0.004774 seconds.
Begin MonoManager ReloadAssembly
Native extension for WindowsStandalone target not found
Refreshing native plugins compatible for Editor in 1.13 ms, found 1 plugins.
Preloading 0 native plugins for Editor in 0.00 ms.
Invoked RoslynAnalysisRunner static constructor.
RoslynAnalysisRunner will not be running.
RoslynAnalysisRunner has terminated.
Mono: successfully reloaded assembly
- Completed reload, in  2.319 seconds
Platform modules already initialized, skipping
Shader 'Universal Render Pipeline/Particles/Lit': fallback shader 'Universal Render Pipeline/Particles/SimpleLit' not found
Refreshing native plugins compatible for Editor in 1.38 ms, found 1 plugins.
Preloading 0 native plugins for Editor in 0.00 ms.
Unloading 3940 Unused Serialized files (Serialized files now loaded: 0)
System memory in use before: 261.6 MB.
System memory in use after: 261.8 MB.

Unloading 11 unused Assets to reduce memory usage. Loaded Objects now: 4809.
Total: 16.948600 ms (FindLiveObjects: 2.772200 ms CreateObjectMapping: 1.156600 ms MarkObjects: 12.658100 ms  DeleteObjects: 0.357000 ms)

AssetImportParameters requested are different than current active one (requested -> active):
  graphicsApiMask: 131076 -> 4
========================================================================
Received Prepare
Registering precompiled user dll's ...
Registered in 0.002330 seconds.
Begin MonoManager ReloadAssembly
Native extension for WindowsStandalone target not found
Refreshing native plugins compatible for Editor in 0.99 ms, found 1 plugins.
Preloading 0 native plugins for Editor in 0.00 ms.
Invoked RoslynAnalysisRunner static constructor.
RoslynAnalysisRunner will not be running.
RoslynAnalysisRunner has terminated.
Mono: successfully reloaded assembly
- Completed reload, in  1.442 seconds
Platform modules already initialized, skipping
Shader 'Universal Render Pipeline/Particles/Lit': fallback shader 'Universal Render Pipeline/Particles/SimpleLit' not found
Refreshing native plugins compatible for Editor in 1.98 ms, found 1 plugins.
Preloading 0 native plugins for Editor in 0.00 ms.
Unloading 3940 Unused Serialized files (Serialized files now loaded: 0)
System memory in use before: 261.6 MB.
System memory in use after: 261.8 MB.

Unloading 11 unused Assets to reduce memory usage. Loaded Objects now: 4812.
Total: 10.633900 ms (FindLiveObjects: 1.090400 ms CreateObjectMapping: 0.711500 ms MarkObjects: 8.522800 ms  DeleteObjects: 0.305400 ms)

AssetImportParameters requested are different than current active one (requested -> active):
  graphicsApiMask: 131076 -> 4
========================================================================
Received Import Request.
  Time since last request: 1991.205918 seconds.
  path: Assets/Sci-Fi Rifle/Sci-Fi Rifle_fbx.FBX
  artifactKey: Guid(b5742c35cad19b945bc129c719875b2d) Importer(815301076,1909f56bfc062723c751e8b465ee728b)
Start importing Assets/Sci-Fi Rifle/Sci-Fi Rifle_fbx.FBX using Guid(b5742c35cad19b945bc129c719875b2d) Importer(815301076,1909f56bfc062723c751e8b465ee728b)  -> (artifact id: '86935daed558761883f562994b067da4') in 0.711709 seconds
  Import took 0.734399 seconds .

========================================================================
Received Import Request.
  Time since last request: 1.855492 seconds.
  path: Assets/Sci-Fi Rifle/Sci-Fi Rifle_demo scene.unity
  artifactKey: Guid(10f084d53d87af5428e492b68c5986fb) Importer(815301076,1909f56bfc062723c751e8b465ee728b)
Start importing Assets/Sci-Fi Rifle/Sci-Fi Rifle_demo scene.unity using Guid(10f084d53d87af5428e492b68c5986fb) Importer(815301076,1909f56bfc062723c751e8b465ee728b)  -> (artifact id: 'b0bf507269da779d5a503b6fc318d664') in 0.022308 seconds
  Import took 0.037058 seconds .

========================================================================
Received Import Request.
  Time since last request: 2.602867 seconds.
  path: Assets/Sci-Fi Rifle/Textures
  artifactKey: Guid(f1c15ab708448ab4d9df6221bf018422) Importer(815301076,1909f56bfc062723c751e8b465ee728b)
Start importing Assets/Sci-Fi Rifle/Textures using Guid(f1c15ab708448ab4d9df6221bf018422) Importer(815301076,1909f56bfc062723c751e8b465ee728b)  -> (artifact id: '900d1a5d92cd8c115b5ae6c44ba5b910') in 0.013479 seconds
  Import took 0.025330 seconds .

========================================================================
Received Prepare
Registering precompiled user dll's ...
Registered in 0.006625 seconds.
Begin MonoManager ReloadAssembly
Native extension for WindowsStandalone target not found
Refreshing native plugins compatible for Editor in 1.12 ms, found 1 plugins.
Preloading 0 native plugins for Editor in 0.00 ms.
Invoked RoslynAnalysisRunner static constructor.
RoslynAnalysisRunner will not be running.
RoslynAnalysisRunner has terminated.
Mono: successfully reloaded assembly
- Completed reload, in  2.016 seconds
Platform modules already initialized, skipping
Shader 'Universal Render Pipeline/Particles/Lit': fallback shader 'Universal Render Pipeline/Particles/SimpleLit' not found
Refreshing native plugins compatible for Editor in 1.23 ms, found 1 plugins.
Preloading 0 native plugins for Editor in 0.00 ms.
Unloading 3940 Unused Serialized files (Serialized files now loaded: 0)
System memory in use before: 261.8 MB.
System memory in use after: 262.0 MB.

Unloading 11 unused Assets to reduce memory usage. Loaded Objects now: 4851.
Total: 6.168000 ms (FindLiveObjects: 1.007500 ms CreateObjectMapping: 0.535600 ms MarkObjects: 4.434900 ms  DeleteObjects: 0.187200 ms)

AssetImportParameters requested are different than current active one (requested -> active):
  graphicsApiMask: 131076 -> 4
========================================================================
Received Import Request.
  Time since last request: 424.324284 seconds.
  path: Assets/Sci-Fi Rifle/Materials
  artifactKey: Guid(ad16ae738065a7043b3ed7b3c9a07bb0) Importer(815301076,1909f56bfc062723c751e8b465ee728b)
Start importing Assets/Sci-Fi Rifle/Materials using Guid(ad16ae738065a7043b3ed7b3c9a07bb0) Importer(815301076,1909f56bfc062723c751e8b465ee728b)  -> (artifact id: '029929071b18cf69fbac7488301c93e1') in 0.021281 seconds
  Import took 0.040549 seconds .

========================================================================
Received Import Request.
  Time since last request: 0.038529 seconds.
  path: Assets/Sci-Fi Rifle/Materials/Sci-Fi Rifle.mat
  artifactKey: Guid(8b91047244ae6504f95c7c160c2ae5e1) Importer(815301076,1909f56bfc062723c751e8b465ee728b)
Start importing Assets/Sci-Fi Rifle/Materials/Sci-Fi Rifle.mat using Guid(8b91047244ae6504f95c7c160c2ae5e1) Importer(815301076,1909f56bfc062723c751e8b465ee728b)  -> (artifact id: 'cc6b9d7aea70747ef993d89d86b75ecf') in 0.220628 seconds
  Import took 0.237836 seconds .

========================================================================
Received Import Request.
  Time since last request: 1.298687 seconds.
  path: Assets/Sci-Fi Rifle/Textures/Sci-Fi Rifle_BaseColor.png
  artifactKey: Guid(a096c049e13370945979fc3471c40be1) Importer(815301076,1909f56bfc062723c751e8b465ee728b)
Start importing Assets/Sci-Fi Rifle/Textures/Sci-Fi Rifle_BaseColor.png using Guid(a096c049e13370945979fc3471c40be1) Importer(815301076,1909f56bfc062723c751e8b465ee728b)  -> (artifact id: '54f43cce96d68d324f28d61e2b2d289d') in 0.057537 seconds
  Import took 0.087379 seconds .

========================================================================
Received Import Request.
  Time since last request: 0.000566 seconds.
  path: Assets/Sci-Fi Rifle/Textures/Sci-Fi Rifle_Emissive.png
  artifactKey: Guid(f513d87d7c4c8b2488d758509d093bf3) Importer(815301076,1909f56bfc062723c751e8b465ee728b)
Start importing Assets/Sci-Fi Rifle/Textures/Sci-Fi Rifle_Emissive.png using Guid(f513d87d7c4c8b2488d758509d093bf3) Importer(815301076,1909f56bfc062723c751e8b465ee728b)  -> (artifact id: '4bffa7b4a113acef801cb94b8c8276aa') in 0.046942 seconds
  Import took 0.070964 seconds .

========================================================================
Received Import Request.
  Time since last request: 0.000579 seconds.
  path: Assets/Sci-Fi Rifle/Textures/Sci-Fi Rifle_Roughness.png
  artifactKey: Guid(2262f4805c622d14586e1b685d8ca82e) Importer(815301076,1909f56bfc062723c751e8b465ee728b)
Start importing Assets/Sci-Fi Rifle/Textures/Sci-Fi Rifle_Roughness.png using Guid(2262f4805c622d14586e1b685d8ca82e) Importer(815301076,1909f56bfc062723c751e8b465ee728b)  -> (artifact id: '412e5826b9cad39fd5aa1215a63ff686') in 0.055671 seconds
  Import took 0.079339 seconds .

========================================================================
Received Import Request.
  Time since last request: 0.000465 seconds.
  path: Assets/Sci-Fi Rifle/Textures/Sci-Fi Rifle_Metallic.png
  artifactKey: Guid(181b8dbf1d1cd484281723acf3d044ae) Importer(815301076,1909f56bfc062723c751e8b465ee728b)
Start importing Assets/Sci-Fi Rifle/Textures/Sci-Fi Rifle_Metallic.png using Guid(181b8dbf1d1cd484281723acf3d044ae) Importer(815301076,1909f56bfc062723c751e8b465ee728b)  -> (artifact id: 'b28d724b4fcb71c4c50fc5c55bc76a61') in 0.059742 seconds
  Import took 0.076315 seconds .

========================================================================
Received Import Request.
  Time since last request: 0.000393 seconds.
  path: Assets/Sci-Fi Rifle/Textures/Sci-Fi Rifle_Height.png
  artifactKey: Guid(7d8a30db7f3f2384f9197a00d6fc4663) Importer(815301076,1909f56bfc062723c751e8b465ee728b)
Start importing Assets/Sci-Fi Rifle/Textures/Sci-Fi Rifle_Height.png using Guid(7d8a30db7f3f2384f9197a00d6fc4663) Importer(815301076,1909f56bfc062723c751e8b465ee728b)  -> (artifact id: 'b70a257f2daa56c4d731f61668d20fdc') in 0.023515 seconds
  Import took 0.038009 seconds .

========================================================================
Received Import Request.
  Time since last request: 0.000316 seconds.
  path: Assets/Sci-Fi Rifle/Textures/Sci-Fi Rifle_Normal.png
  artifactKey: Guid(46f0acae2be8c2e4c9bfed71ccb7f5bd) Importer(815301076,1909f56bfc062723c751e8b465ee728b)
Start importing Assets/Sci-Fi Rifle/Textures/Sci-Fi Rifle_Normal.png using Guid(46f0acae2be8c2e4c9bfed71ccb7f5bd) Importer(815301076,1909f56bfc062723c751e8b465ee728b)  -> (artifact id: '8b87dfa4a027b4abeb3ffbb499911f9c') in 0.022111 seconds
  Import took 0.035761 seconds .

========================================================================
Received Prepare
Registering precompiled user dll's ...
Registered in 0.002891 seconds.
Begin MonoManager ReloadAssembly
Native extension for WindowsStandalone target not found
Refreshing native plugins compatible for Editor in 1.01 ms, found 1 plugins.
Preloading 0 native plugins for Editor in 0.00 ms.
Invoked RoslynAnalysisRunner static constructor.
RoslynAnalysisRunner will not be running.
RoslynAnalysisRunner has terminated.
Mono: successfully reloaded assembly
- Completed reload, in  1.408 seconds
Platform modules already initialized, skipping
Shader 'Universal Render Pipeline/Particles/Lit': fallback shader 'Universal Render Pipeline/Particles/SimpleLit' not found
Refreshing native plugins compatible for Editor in 1.54 ms, found 1 plugins.
Preloading 0 native plugins for Editor in 0.00 ms.
Unloading 3940 Unused Serialized files (Serialized files now loaded: 0)
System memory in use before: 261.9 MB.
System memory in use after: 262.1 MB.

Unloading 11 unused Assets to reduce memory usage. Loaded Objects now: 4891.
Total: 7.242800 ms (FindLiveObjects: 1.071700 ms CreateObjectMapping: 0.533200 ms MarkObjects: 5.444800 ms  DeleteObjects: 0.191000 ms)

AssetImportParameters requested are different than current active one (requested -> active):
  graphicsApiMask: 131076 -> 4
========================================================================
Received Prepare
Registering precompiled user dll's ...
Registered in 0.003741 seconds.
Begin MonoManager ReloadAssembly
Native extension for WindowsStandalone target not found
Refreshing native plugins compatible for Editor in 1.00 ms, found 1 plugins.
Preloading 0 native plugins for Editor in 0.00 ms.
Invoked RoslynAnalysisRunner static constructor.
RoslynAnalysisRunner will not be running.
RoslynAnalysisRunner has terminated.
Mono: successfully reloaded assembly
- Completed reload, in  1.477 seconds
Platform modules already initialized, skipping
Shader 'Universal Render Pipeline/Particles/Lit': fallback shader 'Universal Render Pipeline/Particles/SimpleLit' not found
Refreshing native plugins compatible for Editor in 1.74 ms, found 1 plugins.
Preloading 0 native plugins for Editor in 0.00 ms.
Unloading 3940 Unused Serialized files (Serialized files now loaded: 0)
System memory in use before: 261.9 MB.
System memory in use after: 262.1 MB.

Unloading 11 unused Assets to reduce memory usage. Loaded Objects now: 4894.
Total: 9.357600 ms (FindLiveObjects: 1.012100 ms CreateObjectMapping: 0.570200 ms MarkObjects: 7.441400 ms  DeleteObjects: 0.331400 ms)

AssetImportParameters requested are different than current active one (requested -> active):
  graphicsApiMask: 131076 -> 4
========================================================================
Received Prepare
Registering precompiled user dll's ...
Registered in 0.002893 seconds.
Begin MonoManager ReloadAssembly
Native extension for WindowsStandalone target not found
Refreshing native plugins compatible for Editor in 1.02 ms, found 1 plugins.
Preloading 0 native plugins for Editor in 0.00 ms.
Invoked RoslynAnalysisRunner static constructor.
RoslynAnalysisRunner will not be running.
RoslynAnalysisRunner has terminated.
Mono: successfully reloaded assembly
- Completed reload, in  1.325 seconds
Platform modules already initialized, skipping
Shader 'Universal Render Pipeline/Particles/Lit': fallback shader 'Universal Render Pipeline/Particles/SimpleLit' not found
Refreshing native plugins compatible for Editor in 1.21 ms, found 1 plugins.
Preloading 0 native plugins for Editor in 0.00 ms.
Unloading 3940 Unused Serialized files (Serialized files now loaded: 0)
System memory in use before: 261.9 MB.
System memory in use after: 262.1 MB.

Unloading 11 unused Assets to reduce memory usage. Loaded Objects now: 4897.
Total: 4.629500 ms (FindLiveObjects: 0.535900 ms CreateObjectMapping: 0.385500 ms MarkObjects: 3.555900 ms  DeleteObjects: 0.151100 ms)

AssetImportParameters requested are different than current active one (requested -> active):
  graphicsApiMask: 131076 -> 4
========================================================================
Received Prepare
Registering precompiled user dll's ...
Registered in 0.003293 seconds.
Begin MonoManager ReloadAssembly
Native extension for WindowsStandalone target not found
Refreshing native plugins compatible for Editor in 1.06 ms, found 1 plugins.
Preloading 0 native plugins for Editor in 0.00 ms.
Invoked RoslynAnalysisRunner static constructor.
RoslynAnalysisRunner will not be running.
RoslynAnalysisRunner has terminated.
Mono: successfully reloaded assembly
- Completed reload, in  1.432 seconds
Platform modules already initialized, skipping
Shader 'Universal Render Pipeline/Particles/Lit': fallback shader 'Universal Render Pipeline/Particles/SimpleLit' not found
Refreshing native plugins compatible for Editor in 1.32 ms, found 1 plugins.
Preloading 0 native plugins for Editor in 0.00 ms.
Unloading 3940 Unused Serialized files (Serialized files now loaded: 0)
System memory in use before: 261.9 MB.
System memory in use after: 262.1 MB.

Unloading 11 unused Assets to reduce memory usage. Loaded Objects now: 4900.
Total: 7.852700 ms (FindLiveObjects: 0.797400 ms CreateObjectMapping: 0.579100 ms MarkObjects: 6.008000 ms  DeleteObjects: 0.463600 ms)

AssetImportParameters requested are different than current active one (requested -> active):
  graphicsApiMask: 131076 -> 4
========================================================================
Received Prepare
Registering precompiled user dll's ...
Registered in 0.002333 seconds.
Begin MonoManager ReloadAssembly
Native extension for WindowsStandalone target not found
Refreshing native plugins compatible for Editor in 0.99 ms, found 1 plugins.
Preloading 0 native plugins for Editor in 0.00 ms.
Invoked RoslynAnalysisRunner static constructor.
RoslynAnalysisRunner will not be running.
RoslynAnalysisRunner has terminated.
Mono: successfully reloaded assembly
- Completed reload, in  1.310 seconds
Platform modules already initialized, skipping
Shader 'Universal Render Pipeline/Particles/Lit': fallback shader 'Universal Render Pipeline/Particles/SimpleLit' not found
Refreshing native plugins compatible for Editor in 1.19 ms, found 1 plugins.
Preloading 0 native plugins for Editor in 0.00 ms.
Unloading 3940 Unused Serialized files (Serialized files now loaded: 0)
System memory in use before: 261.9 MB.
System memory in use after: 262.2 MB.

Unloading 11 unused Assets to reduce memory usage. Loaded Objects now: 4903.
Total: 7.748900 ms (FindLiveObjects: 0.787600 ms CreateObjectMapping: 0.498900 ms MarkObjects: 6.057000 ms  DeleteObjects: 0.403300 ms)

AssetImportParameters requested are different than current active one (requested -> active):
  graphicsApiMask: 131076 -> 4
========================================================================
Received Prepare
Registering precompiled user dll's ...
Registered in 0.002401 seconds.
Begin MonoManager ReloadAssembly
Native extension for WindowsStandalone target not found
Refreshing native plugins compatible for Editor in 0.99 ms, found 1 plugins.
Preloading 0 native plugins for Editor in 0.00 ms.
Invoked RoslynAnalysisRunner static constructor.
RoslynAnalysisRunner will not be running.
RoslynAnalysisRunner has terminated.
Mono: successfully reloaded assembly
- Completed reload, in  1.362 seconds
Platform modules already initialized, skipping
Shader 'Universal Render Pipeline/Particles/Lit': fallback shader 'Universal Render Pipeline/Particles/SimpleLit' not found
Refreshing native plugins compatible for Editor in 2.26 ms, found 1 plugins.
Preloading 0 native plugins for Editor in 0.00 ms.
Unloading 3940 Unused Serialized files (Serialized files now loaded: 0)
System memory in use before: 261.9 MB.
System memory in use after: 262.2 MB.

Unloading 11 unused Assets to reduce memory usage. Loaded Objects now: 4906.
Total: 6.913700 ms (FindLiveObjects: 0.724600 ms CreateObjectMapping: 0.865300 ms MarkObjects: 4.885300 ms  DeleteObjects: 0.436300 ms)

AssetImportParameters requested are different than current active one (requested -> active):
  graphicsApiMask: 131076 -> 4
========================================================================
Received Prepare
Registering precompiled user dll's ...
Registered in 0.002587 seconds.
Begin MonoManager ReloadAssembly
Native extension for WindowsStandalone target not found
Refreshing native plugins compatible for Editor in 1.00 ms, found 1 plugins.
Preloading 0 native plugins for Editor in 0.00 ms.
Invoked RoslynAnalysisRunner static constructor.
RoslynAnalysisRunner will not be running.
RoslynAnalysisRunner has terminated.
Mono: successfully reloaded assembly
- Completed reload, in  1.379 seconds
Platform modules already initialized, skipping
Shader 'Universal Render Pipeline/Particles/Lit': fallback shader 'Universal Render Pipeline/Particles/SimpleLit' not found
Refreshing native plugins compatible for Editor in 1.30 ms, found 1 plugins.
Preloading 0 native plugins for Editor in 0.00 ms.
Unloading 3940 Unused Serialized files (Serialized files now loaded: 0)
System memory in use before: 262.0 MB.
System memory in use after: 262.2 MB.

Unloading 11 unused Assets to reduce memory usage. Loaded Objects now: 4909.
Total: 11.492600 ms (FindLiveObjects: 0.829600 ms CreateObjectMapping: 0.733300 ms MarkObjects: 9.308900 ms  DeleteObjects: 0.618900 ms)

AssetImportParameters requested are different than current active one (requested -> active):
  graphicsApiMask: 131076 -> 4
========================================================================
Received Prepare
Registering precompiled user dll's ...
Registered in 0.002294 seconds.
Begin MonoManager ReloadAssembly
Native extension for WindowsStandalone target not found
Refreshing native plugins compatible for Editor in 1.07 ms, found 1 plugins.
Preloading 0 native plugins for Editor in 0.00 ms.
Invoked RoslynAnalysisRunner static constructor.
RoslynAnalysisRunner will not be running.
RoslynAnalysisRunner has terminated.
Mono: successfully reloaded assembly
- Completed reload, in  1.421 seconds
Platform modules already initialized, skipping
Shader 'Universal Render Pipeline/Particles/Lit': fallback shader 'Universal Render Pipeline/Particles/SimpleLit' not found
Refreshing native plugins compatible for Editor in 1.11 ms, found 1 plugins.
Preloading 0 native plugins for Editor in 0.00 ms.
Unloading 3940 Unused Serialized files (Serialized files now loaded: 0)
System memory in use before: 262.0 MB.
System memory in use after: 262.3 MB.

Unloading 11 unused Assets to reduce memory usage. Loaded Objects now: 4912.
Total: 8.492600 ms (FindLiveObjects: 1.235900 ms CreateObjectMapping: 0.590600 ms MarkObjects: 6.432000 ms  DeleteObjects: 0.230000 ms)

AssetImportParameters requested are different than current active one (requested -> active):
  graphicsApiMask: 131076 -> 4
========================================================================
Received Import Request.
  Time since last request: 1430.429071 seconds.
  path: Assets/Sci-Fi Rifle
  artifactKey: Guid(c9e2a4306d64ba64481efa07bfd852a0) Importer(815301076,1909f56bfc062723c751e8b465ee728b)
Start importing Assets/Sci-Fi Rifle using Guid(c9e2a4306d64ba64481efa07bfd852a0) Importer(815301076,1909f56bfc062723c751e8b465ee728b)  -> (artifact id: 'f92f705f58a6cc4bc03ac2429e4f4989') in 0.019568 seconds
  Import took 0.035310 seconds .

========================================================================
Received Prepare
Registering precompiled user dll's ...
Registered in 0.002438 seconds.
Begin MonoManager ReloadAssembly
Native extension for WindowsStandalone target not found
Refreshing native plugins compatible for Editor in 1.03 ms, found 1 plugins.
Preloading 0 native plugins for Editor in 0.00 ms.
Invoked RoslynAnalysisRunner static constructor.
RoslynAnalysisRunner will not be running.
RoslynAnalysisRunner has terminated.
Mono: successfully reloaded assembly
- Completed reload, in  1.367 seconds
Platform modules already initialized, skipping
Shader 'Universal Render Pipeline/Particles/Lit': fallback shader 'Universal Render Pipeline/Particles/SimpleLit' not found
Refreshing native plugins compatible for Editor in 1.03 ms, found 1 plugins.
Preloading 0 native plugins for Editor in 0.00 ms.
Unloading 3940 Unused Serialized files (Serialized files now loaded: 0)
System memory in use before: 262.0 MB.
System memory in use after: 262.3 MB.

Unloading 11 unused Assets to reduce memory usage. Loaded Objects now: 4915.
Total: 5.211600 ms (FindLiveObjects: 0.650400 ms CreateObjectMapping: 0.442500 ms MarkObjects: 3.962100 ms  DeleteObjects: 0.155300 ms)

AssetImportParameters requested are different than current active one (requested -> active):
  graphicsApiMask: 131076 -> 4
========================================================================
Received Import Request.
  Time since last request: 85.261358 seconds.
  path: Assets/Scenes/Menu.unity
  artifactKey: Guid(84f46fbb4949d8a459677c8e951bbf6a) Importer(815301076,1909f56bfc062723c751e8b465ee728b)
Start importing Assets/Scenes/Menu.unity using Guid(84f46fbb4949d8a459677c8e951bbf6a) Importer(815301076,1909f56bfc062723c751e8b465ee728b)  -> (artifact id: '4308f3f26b69c2219959d13a45193b95') in 0.083844 seconds
  Import took 0.115226 seconds .

========================================================================
Received Prepare
Registering precompiled user dll's ...
Registered in 0.002428 seconds.
Begin MonoManager ReloadAssembly
Native extension for WindowsStandalone target not found
Refreshing native plugins compatible for Editor in 1.19 ms, found 1 plugins.
Preloading 0 native plugins for Editor in 0.00 ms.
Invoked RoslynAnalysisRunner static constructor.
RoslynAnalysisRunner will not be running.
RoslynAnalysisRunner has terminated.
Mono: successfully reloaded assembly
- Completed reload, in  1.368 seconds
Platform modules already initialized, skipping
Shader 'Universal Render Pipeline/Particles/Lit': fallback shader 'Universal Render Pipeline/Particles/SimpleLit' not found
Refreshing native plugins compatible for Editor in 2.06 ms, found 1 plugins.
Preloading 0 native plugins for Editor in 0.00 ms.
Unloading 3940 Unused Serialized files (Serialized files now loaded: 0)
System memory in use before: 262.1 MB.
System memory in use after: 262.3 MB.

Unloading 11 unused Assets to reduce memory usage. Loaded Objects now: 4918.
Total: 6.103900 ms (FindLiveObjects: 1.203300 ms CreateObjectMapping: 0.504900 ms MarkObjects: 4.227500 ms  DeleteObjects: 0.166700 ms)

AssetImportParameters requested are different than current active one (requested -> active):
  graphicsApiMask: 131076 -> 4
========================================================================
Received Import Request.
  Time since last request: 49.569499 seconds.
  path: Assets/Scenes/Level_1_1.unity
  artifactKey: Guid(dcf3aa688fdad5f4a92611430385ebd8) Importer(815301076,1909f56bfc062723c751e8b465ee728b)
Start importing Assets/Scenes/Level_1_1.unity using Guid(dcf3aa688fdad5f4a92611430385ebd8) Importer(815301076,1909f56bfc062723c751e8b465ee728b)  -> (artifact id: '735dd7252fab0d08a37d31aa66348096') in 0.022670 seconds
  Import took 0.037983 seconds .

========================================================================
Received Import Request.
  Time since last request: 189.320007 seconds.
  path: Assets/Prefabs/EnemyPrefabs/Pirata_Nemico_1_Armato.prefab
  artifactKey: Guid(a1d363fd3362bc34292e9558f4e4180f) Importer(815301076,1909f56bfc062723c751e8b465ee728b)
Start importing Assets/Prefabs/EnemyPrefabs/Pirata_Nemico_1_Armato.prefab using Guid(a1d363fd3362bc34292e9558f4e4180f) Importer(815301076,1909f56bfc062723c751e8b465ee728b)  -> (artifact id: 'b9086d719088a025c618a6f710e0ab28') in 0.561614 seconds
  Import took 0.591473 seconds .

========================================================================
Received Import Request.
  Time since last request: 0.000309 seconds.
  path: Assets/Prefabs/EnemyPrefabs/Pirata_Nemico_2_Armato.prefab
  artifactKey: Guid(e8060cacbaff3454bbec0c64cf2a12bb) Importer(815301076,1909f56bfc062723c751e8b465ee728b)
Start importing Assets/Prefabs/EnemyPrefabs/Pirata_Nemico_2_Armato.prefab using Guid(e8060cacbaff3454bbec0c64cf2a12bb) Importer(815301076,1909f56bfc062723c751e8b465ee728b)  -> (artifact id: 'ab7c381e594d3daa90ad093875529663') in 0.176134 seconds
  Import took 0.185031 seconds .

========================================================================
Received Import Request.
  Time since last request: 0.000271 seconds.
  path: Assets/Prefabs/EnemyPrefabs/Pirata_Nemico_1_Non_Armato.prefab
  artifactKey: Guid(30dcb0e311f123342b42061ab6806e85) Importer(815301076,1909f56bfc062723c751e8b465ee728b)
Start importing Assets/Prefabs/EnemyPrefabs/Pirata_Nemico_1_Non_Armato.prefab using Guid(30dcb0e311f123342b42061ab6806e85) Importer(815301076,1909f56bfc062723c751e8b465ee728b)  -> (artifact id: '5c0a98e4adc3fa37e0174a9bd22e0a1c') in 0.168049 seconds
  Import took 0.182750 seconds .

========================================================================
Received Import Request.
  Time since last request: 0.000302 seconds.
  path: Assets/Prefabs/EnemyPrefabs/Pirata_Nemico_2_Non_Armato.prefab
  artifactKey: Guid(84643ab09e002ae4cbaaf5051515204f) Importer(815301076,1909f56bfc062723c751e8b465ee728b)
Start importing Assets/Prefabs/EnemyPrefabs/Pirata_Nemico_2_Non_Armato.prefab using Guid(84643ab09e002ae4cbaaf5051515204f) Importer(815301076,1909f56bfc062723c751e8b465ee728b)  -> (artifact id: '8ca144908460728bb487662ae0bf514a') in 0.156345 seconds
  Import took 0.171620 seconds .

========================================================================
Received Prepare
Registering precompiled user dll's ...
Registered in 0.002590 seconds.
Begin MonoManager ReloadAssembly
Native extension for WindowsStandalone target not found
Refreshing native plugins compatible for Editor in 0.95 ms, found 1 plugins.
Preloading 0 native plugins for Editor in 0.00 ms.
Invoked RoslynAnalysisRunner static constructor.
RoslynAnalysisRunner will not be running.
RoslynAnalysisRunner has terminated.
Mono: successfully reloaded assembly
- Completed reload, in  1.332 seconds
Platform modules already initialized, skipping
Shader 'Universal Render Pipeline/Particles/Lit': fallback shader 'Universal Render Pipeline/Particles/SimpleLit' not found
Refreshing native plugins compatible for Editor in 1.02 ms, found 1 plugins.
Preloading 0 native plugins for Editor in 0.00 ms.
Unloading 3940 Unused Serialized files (Serialized files now loaded: 0)
System memory in use before: 262.4 MB.
System memory in use after: 262.6 MB.

Unloading 11 unused Assets to reduce memory usage. Loaded Objects now: 4957.
Total: 5.981900 ms (FindLiveObjects: 1.220300 ms CreateObjectMapping: 0.520100 ms MarkObjects: 4.066300 ms  DeleteObjects: 0.172300 ms)

AssetImportParameters requested are different than current active one (requested -> active):
  graphicsApiMask: 131076 -> 4
========================================================================
Received Prepare
Registering precompiled user dll's ...
Registered in 0.002514 seconds.
Begin MonoManager ReloadAssembly
Native extension for WindowsStandalone target not found
Refreshing native plugins compatible for Editor in 0.98 ms, found 1 plugins.
Preloading 0 native plugins for Editor in 0.00 ms.
Invoked RoslynAnalysisRunner static constructor.
RoslynAnalysisRunner will not be running.
RoslynAnalysisRunner has terminated.
Mono: successfully reloaded assembly
- Completed reload, in  1.399 seconds
Platform modules already initialized, skipping
Shader 'Universal Render Pipeline/Particles/Lit': fallback shader 'Universal Render Pipeline/Particles/SimpleLit' not found
Refreshing native plugins compatible for Editor in 1.55 ms, found 1 plugins.
Preloading 0 native plugins for Editor in 0.00 ms.
Unloading 3940 Unused Serialized files (Serialized files now loaded: 0)
System memory in use before: 262.4 MB.
System memory in use after: 262.6 MB.

Unloading 11 unused Assets to reduce memory usage. Loaded Objects now: 4960.
Total: 5.102600 ms (FindLiveObjects: 0.563500 ms CreateObjectMapping: 0.338100 ms MarkObjects: 4.041800 ms  DeleteObjects: 0.157400 ms)

AssetImportParameters requested are different than current active one (requested -> active):
  graphicsApiMask: 131076 -> 4
========================================================================
Received Import Request.
  Time since last request: 302.205468 seconds.
  path: Assets/Scenes/Level_1_1.unity
  artifactKey: Guid(dcf3aa688fdad5f4a92611430385ebd8) Importer(815301076,1909f56bfc062723c751e8b465ee728b)
Start importing Assets/Scenes/Level_1_1.unity using Guid(dcf3aa688fdad5f4a92611430385ebd8) Importer(815301076,1909f56bfc062723c751e8b465ee728b)  -> (artifact id: 'd94d94b552313edb0b75b01c45cc1232') in 0.043031 seconds
  Import took 0.063070 seconds .

========================================================================
Received Prepare
Registering precompiled user dll's ...
Registered in 0.002405 seconds.
Begin MonoManager ReloadAssembly
Native extension for WindowsStandalone target not found
Refreshing native plugins compatible for Editor in 1.37 ms, found 1 plugins.
Preloading 0 native plugins for Editor in 0.00 ms.
Invoked RoslynAnalysisRunner static constructor.
RoslynAnalysisRunner will not be running.
RoslynAnalysisRunner has terminated.
Mono: successfully reloaded assembly
- Completed reload, in  1.314 seconds
Platform modules already initialized, skipping
Shader 'Universal Render Pipeline/Particles/Lit': fallback shader 'Universal Render Pipeline/Particles/SimpleLit' not found
Refreshing native plugins compatible for Editor in 1.03 ms, found 1 plugins.
Preloading 0 native plugins for Editor in 0.00 ms.
Unloading 3940 Unused Serialized files (Serialized files now loaded: 0)
System memory in use before: 262.4 MB.
System memory in use after: 262.6 MB.

Unloading 11 unused Assets to reduce memory usage. Loaded Objects now: 4963.
Total: 6.921200 ms (FindLiveObjects: 0.760600 ms CreateObjectMapping: 0.469300 ms MarkObjects: 5.492900 ms  DeleteObjects: 0.196300 ms)

AssetImportParameters requested are different than current active one (requested -> active):
  graphicsApiMask: 131076 -> 4
========================================================================
Received Import Request.
  Time since last request: 114.359785 seconds.
  path: Assets/Scenes/Level_1_1.unity
  artifactKey: Guid(dcf3aa688fdad5f4a92611430385ebd8) Importer(815301076,1909f56bfc062723c751e8b465ee728b)
Start importing Assets/Scenes/Level_1_1.unity using Guid(dcf3aa688fdad5f4a92611430385ebd8) Importer(815301076,1909f56bfc062723c751e8b465ee728b)  -> (artifact id: '9d17b6e84d20d39d2765723192154e3e') in 0.025116 seconds
  Import took 0.042378 seconds .

========================================================================
Received Prepare
Registering precompiled user dll's ...
Registered in 0.002421 seconds.
Begin MonoManager ReloadAssembly
Native extension for WindowsStandalone target not found
Refreshing native plugins compatible for Editor in 0.96 ms, found 1 plugins.
Preloading 0 native plugins for Editor in 0.00 ms.
Invoked RoslynAnalysisRunner static constructor.
RoslynAnalysisRunner will not be running.
RoslynAnalysisRunner has terminated.
Mono: successfully reloaded assembly
- Completed reload, in  1.356 seconds
Platform modules already initialized, skipping
Shader 'Universal Render Pipeline/Particles/Lit': fallback shader 'Universal Render Pipeline/Particles/SimpleLit' not found
Refreshing native plugins compatible for Editor in 1.63 ms, found 1 plugins.
Preloading 0 native plugins for Editor in 0.00 ms.
Unloading 3940 Unused Serialized files (Serialized files now loaded: 0)
System memory in use before: 262.4 MB.
System memory in use after: 262.6 MB.

Unloading 11 unused Assets to reduce memory usage. Loaded Objects now: 4966.
Total: 6.092800 ms (FindLiveObjects: 0.738700 ms CreateObjectMapping: 0.839700 ms MarkObjects: 4.333500 ms  DeleteObjects: 0.178800 ms)

AssetImportParameters requested are different than current active one (requested -> active):
  graphicsApiMask: 131076 -> 4
========================================================================
Received Import Request.
  Time since last request: 206.190602 seconds.
  path: Assets/Scenes/Level_1_1.unity
  artifactKey: Guid(dcf3aa688fdad5f4a92611430385ebd8) Importer(815301076,1909f56bfc062723c751e8b465ee728b)
Start importing Assets/Scenes/Level_1_1.unity using Guid(dcf3aa688fdad5f4a92611430385ebd8) Importer(815301076,1909f56bfc062723c751e8b465ee728b)  -> (artifact id: 'a489f144d99e8b314a5016e4e6e6c0b7') in 0.038637 seconds
  Import took 0.062878 seconds .

========================================================================
Received Prepare
Registering precompiled user dll's ...
Registered in 0.002687 seconds.
Begin MonoManager ReloadAssembly
Native extension for WindowsStandalone target not found
Refreshing native plugins compatible for Editor in 1.03 ms, found 1 plugins.
Preloading 0 native plugins for Editor in 0.00 ms.
Invoked RoslynAnalysisRunner static constructor.
RoslynAnalysisRunner will not be running.
RoslynAnalysisRunner has terminated.
Mono: successfully reloaded assembly
- Completed reload, in  1.313 seconds
Platform modules already initialized, skipping
Shader 'Universal Render Pipeline/Particles/Lit': fallback shader 'Universal Render Pipeline/Particles/SimpleLit' not found
Refreshing native plugins compatible for Editor in 1.09 ms, found 1 plugins.
Preloading 0 native plugins for Editor in 0.00 ms.
Unloading 3940 Unused Serialized files (Serialized files now loaded: 0)
System memory in use before: 262.4 MB.
System memory in use after: 262.6 MB.

Unloading 11 unused Assets to reduce memory usage. Loaded Objects now: 4969.
Total: 5.544500 ms (FindLiveObjects: 1.004400 ms CreateObjectMapping: 0.398400 ms MarkObjects: 3.970300 ms  DeleteObjects: 0.168800 ms)

AssetImportParameters requested are different than current active one (requested -> active):
  graphicsApiMask: 131076 -> 4
========================================================================
Received Prepare
Registering precompiled user dll's ...
Registered in 0.002850 seconds.
Begin MonoManager ReloadAssembly
Native extension for WindowsStandalone target not found
Refreshing native plugins compatible for Editor in 1.00 ms, found 1 plugins.
Preloading 0 native plugins for Editor in 0.00 ms.
Invoked RoslynAnalysisRunner static constructor.
RoslynAnalysisRunner will not be running.
RoslynAnalysisRunner has terminated.
Mono: successfully reloaded assembly
- Completed reload, in  1.332 seconds
Platform modules already initialized, skipping
Shader 'Universal Render Pipeline/Particles/Lit': fallback shader 'Universal Render Pipeline/Particles/SimpleLit' not found
