Base path: 'C:/Program Files/Unity/Hub/Editor/2020.2.7f1/Editor/Data', plugins path 'C:/Program Files/Unity/Hub/Editor/2020.2.7f1/Editor/Data/PlaybackEngines'
Cmd: initializeCompiler















































Cmd: initializeCompiler

Cmd: compileSnippet
  insize=1628 path= cachingPP=1 ppOnly=0 stripLineD=0 buildPlatform=19 rsLen=0 pKW=UNITY_ENABLE_REFLECTION_BUFFERS UNITY_USE_DITHER_MASK_FOR_ALPHABLENDED_SHADOWS UNITY_PBS_USE_BRDF1 UNITY_SPECCUBE_BOX_PROJECTION UNITY_SPECCUBE_BLENDING UNITY_ENABLE_DETAIL_NORMALMAP SHADER_API_DESKTOP UNITY_LIGHT_PROBE_PROXY_VOLUME UNITY_LIGHTMAP_RGBM_ENCODING uKW= dKW=FOG_LINEAR FOG_EXP FOG_EXP2 UNITY_NO_DXT5nm UNITY_ENABLE_NATIVE_SHADOW_LOOKUPS UNITY_METAL_SHADOWS_USE_POINT_FILTERING UNITY_NO_SCREENSPACE_SHADOWS UNITY_PBS_USE_BRDF2 UNITY_PBS_USE_BRDF3 UNITY_NO_FULL_STANDARD_SHADER UNITY_HARDWARE_TIER1 UNITY_HARDWARE_TIER2 UNITY_HARDWARE_TIER3 UNITY_COLORSPACE_GAMMA UNITY_HALF_PRECISION_FRAGMENT_SHADER_REGISTERS UNITY_LIGHTMAP_DLDR_ENCODING UNITY_LIGHTMAP_FULL_HDR UNITY_VIRTUAL_TEXTURING UNITY_PRETRANSFORM_TO_DISPLAY_ORIENTATION UNITY_ASTC_NORMALMAP_ENCODING SHADER_API_GLES30 flags=0 lang=0 type=Vertex platform=d3d11 reqs=1 mask=6 start=1 ok=1 outsize=790

Cmd: disassembleShader
  platform=d3d11 type=15 mask=6 insize=1746 outsize=3138 ok=1

Cmd: disassembleShader
  platform=d3d11 type=17 mask=6 insize=5290 outsize=7436 ok=1

Cmd: disassembleShader
  platform=d3d11 type=15 mask=6 insize=1798 outsize=3236 ok=1

Cmd: disassembleShader
  platform=d3d11 type=17 mask=6 insize=4142 outsize=5978 ok=1

Cmd: disassembleShader
  platform=d3d11 type=17 mask=6 insize=4042 outsize=5745 ok=1

Cmd: disassembleShader
  platform=d3d11 type=17 mask=6 insize=1122 outsize=2401 ok=1

Cmd: disassembleShader
  platform=d3d11 type=15 mask=6 insize=1746 outsize=3138 ok=1

Cmd: compileSnippet
  insize=1284 path=Assets/DefaultResourcesExtra cachingPP=1 ppOnly=0 stripLineD=0 buildPlatform=19 rsLen=0 pKW=UNITY_ENABLE_REFLECTION_BUFFERS UNITY_USE_DITHER_MASK_FOR_ALPHABLENDED_SHADOWS UNITY_PBS_USE_BRDF1 UNITY_SPECCUBE_BOX_PROJECTION UNITY_SPECCUBE_BLENDING UNITY_ENABLE_DETAIL_NORMALMAP SHADER_API_DESKTOP UNITY_LIGHTMAP_RGBM_ENCODING UNITY_PASS_FORWARDBASE uKW=DIRECTIONAL _EMISSION dKW=FOG_LINEAR FOG_EXP FOG_EXP2 _NORMALMAP _ALPHATEST_ON _ALPHABLEND_ON _ALPHAPREMULTIPLY_ON _METALLICGLOSSMAP _SMOOTHNESS_TEXTURE_ALBEDO_CHANNEL_A _SPECULARHIGHLIGHTS_OFF _GLOSSYREFLECTIONS_OFF LIGHTPROBE_SH SHADOWS_SHADOWMASK DYNAMICLIGHTMAP_ON LIGHTMAP_ON LIGHTMAP_SHADOW_MIXING SHADOWS_SCREEN UNITY_NO_DXT5nm UNITY_ENABLE_NATIVE_SHADOW_LOOKUPS UNITY_METAL_SHADOWS_USE_POINT_FILTERING UNITY_NO_SCREENSPACE_SHADOWS UNITY_PBS_USE_BRDF2 UNITY_PBS_USE_BRDF3 UNITY_NO_FULL_STANDARD_SHADER UNITY_HARDWARE_TIER1 UNITY_HARDWARE_TIER2 UNITY_HARDWARE_TIER3 UNITY_COLORSPACE_GAMMA UNITY_LIGHT_PROBE_PROXY_VOLUME UNITY_HALF_PRECISION_FRAGMENT_SHADER_REGISTERS UNITY_LIGHTMAP_DLDR_ENCODING UNITY_LIGHTMAP_FULL_HDR UNITY_VIRTUAL_TEXTURING UNITY_PRETRANSFORM_TO_DISPLAY_ORIENTATION UNITY_ASTC_NORMALMAP_ENCODING SHADER_API_GLES30 flags=0 lang=0 type=Fragment platform=d3d11 reqs=1 mask=6 start=237 ok=1 outsize=2194

Cmd: disassembleShader
  platform=d3d11 type=17 mask=6 insize=2194 outsize=3770 ok=1

Cmd: disassembleShader
  platform=d3d11 type=15 mask=6 insize=1798 outsize=3236 ok=1

Cmd: disassembleShader
  platform=d3d11 type=15 mask=6 insize=2070 outsize=3588 ok=1

Cmd: disassembleShader
  platform=d3d11 type=17 mask=6 insize=1318 outsize=2517 ok=1

Cmd: disassembleShader
  platform=d3d11 type=17 mask=6 insize=2126 outsize=3653 ok=1
















































Cmd: initializeCompiler

Cmd: disassembleShader
  platform=d3d11 type=15 mask=6 insize=2002 outsize=3466 ok=1

Cmd: disassembleShader
  platform=d3d11 type=17 mask=6 insize=5578 outsize=7844 ok=1

Cmd: disassembleShader
  platform=d3d11 type=15 mask=6 insize=1690 outsize=3080 ok=1

Cmd: disassembleShader
  platform=d3d11 type=15 mask=6 insize=1918 outsize=3410 ok=1

Cmd: disassembleShader
  platform=d3d11 type=17 mask=6 insize=4142 outsize=5978 ok=1

Cmd: disassembleShader
  platform=d3d11 type=17 mask=6 insize=1122 outsize=2401 ok=1

Cmd: disassembleShader
  platform=d3d11 type=15 mask=6 insize=1746 outsize=3138 ok=1

Cmd: disassembleShader
  platform=d3d11 type=17 mask=6 insize=5810 outsize=8180 ok=1

Cmd: disassembleShader
  platform=d3d11 type=15 mask=6 insize=2070 outsize=3593 ok=1

Cmd: disassembleShader
  platform=d3d11 type=15 mask=6 insize=2070 outsize=3588 ok=1

Cmd: disassembleShader
  platform=d3d11 type=17 mask=6 insize=1862 outsize=3368 ok=1

Cmd: compileSnippet
  insize=2185 path=Packages/com.unity.render-pipelines.universal/Shaders cachingPP=1 ppOnly=0 stripLineD=0 buildPlatform=19 rsLen=0 pKW=UNITY_ENABLE_REFLECTION_BUFFERS UNITY_USE_DITHER_MASK_FOR_ALPHABLENDED_SHADOWS UNITY_PBS_USE_BRDF1 UNITY_SPECCUBE_BOX_PROJECTION UNITY_SPECCUBE_BLENDING UNITY_ENABLE_DETAIL_NORMALMAP SHADER_API_DESKTOP UNITY_LIGHT_PROBE_PROXY_VOLUME UNITY_LIGHTMAP_RGBM_ENCODING uKW=_ADDITIONAL_LIGHTS _MAIN_LIGHT_SHADOWS dKW=_MAIN_LIGHT_SHADOWS_CASCADE _ADDITIONAL_LIGHTS_VERTEX LIGHTMAP_SHADOW_MIXING SHADOWS_SHADOWMASK DIRLIGHTMAP_COMBINED LIGHTMAP_ON DOTS_INSTANCING_ON FOG_LINEAR FOG_EXP FOG_EXP2 INSTANCING_ON _NORMALMAP _RECEIVE_SHADOWS_OFF UNITY_NO_DXT5nm UNITY_ENABLE_NATIVE_SHADOW_LOOKUPS UNITY_METAL_SHADOWS_USE_POINT_FILTERING UNITY_NO_SCREENSPACE_SHADOWS UNITY_PBS_USE_BRDF2 UNITY_PBS_USE_BRDF3 UNITY_NO_FULL_STANDARD_SHADER UNITY_HARDWARE_TIER1 UNITY_HARDWARE_TIER2 UNITY_HARDWARE_TIER3 UNITY_COLORSPACE_GAMMA UNITY_HALF_PRECISION_FRAGMENT_SHADER_REGISTERS UNITY_LIGHTMAP_DLDR_ENCODING UNITY_LIGHTMAP_FULL_HDR UNITY_VIRTUAL_TEXTURING UNITY_PRETRANSFORM_TO_DISPLAY_ORIENTATION UNITY_ASTC_NORMALMAP_ENCODING SHADER_API_GLES30 flags=0 lang=3 type=Vertex platform=d3d11 reqs=1101803 mask=6 start=65 ok=1 outsize=2134

Cmd: compileSnippet
  insize=2317 path=Packages/com.unity.render-pipelines.universal/Shaders/Particles cachingPP=1 ppOnly=0 stripLineD=0 buildPlatform=19 rsLen=0 pKW=UNITY_ENABLE_REFLECTION_BUFFERS UNITY_USE_DITHER_MASK_FOR_ALPHABLENDED_SHADOWS UNITY_PBS_USE_BRDF1 UNITY_SPECCUBE_BOX_PROJECTION UNITY_SPECCUBE_BLENDING UNITY_ENABLE_DETAIL_NORMALMAP SHADER_API_DESKTOP UNITY_LIGHT_PROBE_PROXY_VOLUME UNITY_LIGHTMAP_RGBM_ENCODING uKW=_ADDITIONAL_LIGHTS _MAIN_LIGHT_SHADOWS dKW=_MAIN_LIGHT_SHADOWS_CASCADE _ADDITIONAL_LIGHTS_VERTEX FOG_LINEAR FOG_EXP FOG_EXP2 INSTANCING_ON PROCEDURAL_INSTANCING_ON _NORMALMAP _RECEIVE_SHADOWS_OFF _FLIPBOOKBLENDING_ON _SOFTPARTICLES_ON _FADING_ON _DISTORTION_ON UNITY_NO_DXT5nm UNITY_ENABLE_NATIVE_SHADOW_LOOKUPS UNITY_METAL_SHADOWS_USE_POINT_FILTERING UNITY_NO_SCREENSPACE_SHADOWS UNITY_PBS_USE_BRDF2 UNITY_PBS_USE_BRDF3 UNITY_NO_FULL_STANDARD_SHADER UNITY_HARDWARE_TIER1 UNITY_HARDWARE_TIER2 UNITY_HARDWARE_TIER3 UNITY_COLORSPACE_GAMMA UNITY_HALF_PRECISION_FRAGMENT_SHADER_REGISTERS UNITY_LIGHTMAP_DLDR_ENCODING UNITY_LIGHTMAP_FULL_HDR UNITY_VIRTUAL_TEXTURING UNITY_PRETRANSFORM_TO_DISPLAY_ORIENTATION UNITY_ASTC_NORMALMAP_ENCODING SHADER_API_GLES30 flags=0 lang=3 type=Vertex platform=d3d11 reqs=1 mask=6 start=87 ok=1 outsize=2042

Cmd: shutdown
